The target system is: Linux -  - arm
The host system is: Linux - 5.4.0-173-generic - x86_64
Compiling the C compiler identification source file "CMakeCCompilerId.c" succeeded.
Compiler: /home/minhnn/work/btl/gcc-linaro-6.5.0-2018.12-x86_64_arm-linux-gnueabihf/bin/arm-linux-gnueabihf-gcc 
Build flags: 
Id flags:  

The output was:
0


Compilation of the C compiler identification source "CMakeCCompilerId.c" produced "a.out"

The C compiler identification is GNU, found in "/home/minhnn/work/btl/open_src/mosquitto-2.0.18/build/CMakeFiles/3.16.3/CompilerIdC/a.out"

Compiling the CXX compiler identification source file "CMakeCXXCompilerId.cpp" succeeded.
Compiler: /home/minhnn/work/btl/gcc-linaro-6.5.0-2018.12-x86_64_arm-linux-gnueabihf/bin/arm-linux-gnueabihf-g++ 
Build flags: 
Id flags:  

The output was:
0


Compilation of the CXX compiler identification source "CMakeCXXCompilerId.cpp" produced "a.out"

The CXX compiler identification is GNU, found in "/home/minhnn/work/btl/open_src/mosquitto-2.0.18/build/CMakeFiles/3.16.3/CompilerIdCXX/a.out"

Determining if the C compiler works passed with the following output:
Change Dir: /home/minhnn/work/btl/open_src/mosquitto-2.0.18/build/CMakeFiles/CMakeTmp

Run Build Command(s):/usr/bin/make cmTC_1b4a4/fast && /usr/bin/make -f CMakeFiles/cmTC_1b4a4.dir/build.make CMakeFiles/cmTC_1b4a4.dir/build
make[1]: Entering directory '/home/minhnn/work/btl/open_src/mosquitto-2.0.18/build/CMakeFiles/CMakeTmp'
Building C object CMakeFiles/cmTC_1b4a4.dir/testCCompiler.c.o
/home/minhnn/work/btl/gcc-linaro-6.5.0-2018.12-x86_64_arm-linux-gnueabihf/bin/arm-linux-gnueabihf-gcc    -o CMakeFiles/cmTC_1b4a4.dir/testCCompiler.c.o   -c /home/minhnn/work/btl/open_src/mosquitto-2.0.18/build/CMakeFiles/CMakeTmp/testCCompiler.c
Linking C executable cmTC_1b4a4
/usr/bin/cmake -E cmake_link_script CMakeFiles/cmTC_1b4a4.dir/link.txt --verbose=1
/home/minhnn/work/btl/gcc-linaro-6.5.0-2018.12-x86_64_arm-linux-gnueabihf/bin/arm-linux-gnueabihf-gcc      -rdynamic CMakeFiles/cmTC_1b4a4.dir/testCCompiler.c.o  -o cmTC_1b4a4 
make[1]: Leaving directory '/home/minhnn/work/btl/open_src/mosquitto-2.0.18/build/CMakeFiles/CMakeTmp'



Detecting C compiler ABI info compiled with the following output:
Change Dir: /home/minhnn/work/btl/open_src/mosquitto-2.0.18/build/CMakeFiles/CMakeTmp

Run Build Command(s):/usr/bin/make cmTC_e2948/fast && /usr/bin/make -f CMakeFiles/cmTC_e2948.dir/build.make CMakeFiles/cmTC_e2948.dir/build
make[1]: Entering directory '/home/minhnn/work/btl/open_src/mosquitto-2.0.18/build/CMakeFiles/CMakeTmp'
Building C object CMakeFiles/cmTC_e2948.dir/CMakeCCompilerABI.c.o
/home/minhnn/work/btl/gcc-linaro-6.5.0-2018.12-x86_64_arm-linux-gnueabihf/bin/arm-linux-gnueabihf-gcc   -v -o CMakeFiles/cmTC_e2948.dir/CMakeCCompilerABI.c.o   -c /usr/share/cmake-3.16/Modules/CMakeCCompilerABI.c
Using built-in specs.
COLLECT_GCC=/home/minhnn/work/btl/gcc-linaro-6.5.0-2018.12-x86_64_arm-linux-gnueabihf/bin/arm-linux-gnueabihf-gcc
Target: arm-linux-gnueabihf
Configured with: '/home/tcwg-buildslave/workspace/tcwg-make-release_0/snapshots/gcc.git~linaro-6.5-2018.12/configure' SHELL=/bin/bash --with-mpc=/home/tcwg-buildslave/workspace/tcwg-make-release_0/_build/builds/destdir/x86_64-unknown-linux-gnu --with-mpfr=/home/tcwg-buildslave/workspace/tcwg-make-release_0/_build/builds/destdir/x86_64-unknown-linux-gnu --with-gmp=/home/tcwg-buildslave/workspace/tcwg-make-release_0/_build/builds/destdir/x86_64-unknown-linux-gnu --with-gnu-as --with-gnu-ld --disable-libmudflap --enable-lto --enable-shared --without-included-gettext --enable-nls --with-system-zlib --disable-sjlj-exceptions --enable-gnu-unique-object --enable-linker-build-id --disable-libstdcxx-pch --enable-c99 --enable-clocale=gnu --enable-libstdcxx-debug --enable-long-long --with-cloog=no --with-ppl=no --with-isl=no --disable-multilib --with-float=hard --with-fpu=vfpv3-d16 --with-mode=thumb --with-tune=cortex-a9 --with-arch=armv7-a --enable-threads=posix --enable-multiarch --enable-libstdcxx-time=yes --enable-gnu-indirect-function --with-build-sysroot=/home/tcwg-buildslave/workspace/tcwg-make-release_0/_build/sysroots/arm-linux-gnueabihf --with-sysroot=/home/tcwg-buildslave/workspace/tcwg-make-release_0/_build/builds/destdir/x86_64-unknown-linux-gnu/arm-linux-gnueabihf/libc --enable-checking=release --disable-bootstrap --enable-languages=c,c++,fortran,lto --build=x86_64-unknown-linux-gnu --host=x86_64-unknown-linux-gnu --target=arm-linux-gnueabihf --prefix=/home/tcwg-buildslave/workspace/tcwg-make-release_0/_build/builds/destdir/x86_64-unknown-linux-gnu
Thread model: posix
gcc version 6.5.0 (Linaro GCC 6.5-2018.12) 
COLLECT_GCC_OPTIONS='-v' '-o' 'CMakeFiles/cmTC_e2948.dir/CMakeCCompilerABI.c.o' '-c' '-march=armv7-a' '-mtune=cortex-a9' '-mfloat-abi=hard' '-mfpu=vfpv3-d16' '-mthumb' '-mtls-dialect=gnu'
 /home/minhnn/work/btl/gcc-linaro-6.5.0-2018.12-x86_64_arm-linux-gnueabihf/bin/../libexec/gcc/arm-linux-gnueabihf/6.5.0/cc1 -quiet -v -imultilib . -imultiarch arm-linux-gnueabihf -iprefix /home/minhnn/work/btl/gcc-linaro-6.5.0-2018.12-x86_64_arm-linux-gnueabihf/bin/../lib/gcc/arm-linux-gnueabihf/6.5.0/ -isysroot /home/minhnn/work/btl/gcc-linaro-6.5.0-2018.12-x86_64_arm-linux-gnueabihf/bin/../arm-linux-gnueabihf/libc /usr/share/cmake-3.16/Modules/CMakeCCompilerABI.c -quiet -dumpbase CMakeCCompilerABI.c -march=armv7-a -mtune=cortex-a9 -mfloat-abi=hard -mfpu=vfpv3-d16 -mthumb -mtls-dialect=gnu -auxbase-strip CMakeFiles/cmTC_e2948.dir/CMakeCCompilerABI.c.o -version -o /tmp/cceIDYDD.s
GNU C11 (Linaro GCC 6.5-2018.12) version 6.5.0 (arm-linux-gnueabihf)
	compiled by GNU C version 4.8.4, GMP version 6.1.0, MPFR version 3.1.4, MPC version 1.0.3, isl version none
GGC heuristics: --param ggc-min-expand=100 --param ggc-min-heapsize=131072
ignoring duplicate directory "/home/minhnn/work/btl/gcc-linaro-6.5.0-2018.12-x86_64_arm-linux-gnueabihf/bin/../lib/gcc/../../lib/gcc/arm-linux-gnueabihf/6.5.0/include"
ignoring nonexistent directory "/home/minhnn/work/btl/gcc-linaro-6.5.0-2018.12-x86_64_arm-linux-gnueabihf/bin/../arm-linux-gnueabihf/libc/usr/local/include/arm-linux-gnueabihf"
ignoring nonexistent directory "/home/minhnn/work/btl/gcc-linaro-6.5.0-2018.12-x86_64_arm-linux-gnueabihf/bin/../arm-linux-gnueabihf/libc/usr/local/include"
ignoring duplicate directory "/home/minhnn/work/btl/gcc-linaro-6.5.0-2018.12-x86_64_arm-linux-gnueabihf/bin/../lib/gcc/../../lib/gcc/arm-linux-gnueabihf/6.5.0/include-fixed"
ignoring duplicate directory "/home/minhnn/work/btl/gcc-linaro-6.5.0-2018.12-x86_64_arm-linux-gnueabihf/bin/../lib/gcc/../../lib/gcc/arm-linux-gnueabihf/6.5.0/../../../../arm-linux-gnueabihf/include"
ignoring nonexistent directory "/home/minhnn/work/btl/gcc-linaro-6.5.0-2018.12-x86_64_arm-linux-gnueabihf/bin/../arm-linux-gnueabihf/libc/usr/include/arm-linux-gnueabihf"
#include "..." search starts here:
#include <...> search starts here:
 /home/minhnn/work/btl/gcc-linaro-6.5.0-2018.12-x86_64_arm-linux-gnueabihf/bin/../lib/gcc/arm-linux-gnueabihf/6.5.0/include
 /home/minhnn/work/btl/gcc-linaro-6.5.0-2018.12-x86_64_arm-linux-gnueabihf/bin/../lib/gcc/arm-linux-gnueabihf/6.5.0/include-fixed
 /home/minhnn/work/btl/gcc-linaro-6.5.0-2018.12-x86_64_arm-linux-gnueabihf/bin/../lib/gcc/arm-linux-gnueabihf/6.5.0/../../../../arm-linux-gnueabihf/include
 /home/minhnn/work/btl/gcc-linaro-6.5.0-2018.12-x86_64_arm-linux-gnueabihf/bin/../arm-linux-gnueabihf/libc/usr/include
End of search list.
GNU C11 (Linaro GCC 6.5-2018.12) version 6.5.0 (arm-linux-gnueabihf)
	compiled by GNU C version 4.8.4, GMP version 6.1.0, MPFR version 3.1.4, MPC version 1.0.3, isl version none
GGC heuristics: --param ggc-min-expand=100 --param ggc-min-heapsize=131072
Compiler executable checksum: 57c4b94e3778e16c6e63878e2dd6e36b
COLLECT_GCC_OPTIONS='-v' '-o' 'CMakeFiles/cmTC_e2948.dir/CMakeCCompilerABI.c.o' '-c' '-march=armv7-a' '-mtune=cortex-a9' '-mfloat-abi=hard' '-mfpu=vfpv3-d16' '-mthumb' '-mtls-dialect=gnu'
 /home/minhnn/work/btl/gcc-linaro-6.5.0-2018.12-x86_64_arm-linux-gnueabihf/bin/../lib/gcc/arm-linux-gnueabihf/6.5.0/../../../../arm-linux-gnueabihf/bin/as -v -march=armv7-a -mfloat-abi=hard -mfpu=vfpv3-d16 -meabi=5 -o CMakeFiles/cmTC_e2948.dir/CMakeCCompilerABI.c.o /tmp/cceIDYDD.s
GNU assembler version 2.27.0 (arm-linux-gnueabihf) using BFD version (Linaro_Binutils-2018.12) 2.27.0.20161229
COMPILER_PATH=/home/minhnn/work/btl/gcc-linaro-6.5.0-2018.12-x86_64_arm-linux-gnueabihf/bin/../libexec/gcc/arm-linux-gnueabihf/6.5.0/:/home/minhnn/work/btl/gcc-linaro-6.5.0-2018.12-x86_64_arm-linux-gnueabihf/bin/../libexec/gcc/arm-linux-gnueabihf/:/home/minhnn/work/btl/gcc-linaro-6.5.0-2018.12-x86_64_arm-linux-gnueabihf/bin/../libexec/gcc/:/home/minhnn/work/btl/gcc-linaro-6.5.0-2018.12-x86_64_arm-linux-gnueabihf/bin/../lib/gcc/arm-linux-gnueabihf/6.5.0/../../../../arm-linux-gnueabihf/bin/
LIBRARY_PATH=/home/minhnn/work/btl/gcc-linaro-6.5.0-2018.12-x86_64_arm-linux-gnueabihf/bin/../lib/gcc/arm-linux-gnueabihf/6.5.0/:/home/minhnn/work/btl/gcc-linaro-6.5.0-2018.12-x86_64_arm-linux-gnueabihf/bin/../lib/gcc/arm-linux-gnueabihf/:/home/minhnn/work/btl/gcc-linaro-6.5.0-2018.12-x86_64_arm-linux-gnueabihf/bin/../lib/gcc/:/home/minhnn/work/btl/gcc-linaro-6.5.0-2018.12-x86_64_arm-linux-gnueabihf/bin/../lib/gcc/arm-linux-gnueabihf/6.5.0/../../../../arm-linux-gnueabihf/lib/:/home/minhnn/work/btl/gcc-linaro-6.5.0-2018.12-x86_64_arm-linux-gnueabihf/bin/../arm-linux-gnueabihf/libc/lib/:/home/minhnn/work/btl/gcc-linaro-6.5.0-2018.12-x86_64_arm-linux-gnueabihf/bin/../arm-linux-gnueabihf/libc/usr/lib/
COLLECT_GCC_OPTIONS='-v' '-o' 'CMakeFiles/cmTC_e2948.dir/CMakeCCompilerABI.c.o' '-c' '-march=armv7-a' '-mtune=cortex-a9' '-mfloat-abi=hard' '-mfpu=vfpv3-d16' '-mthumb' '-mtls-dialect=gnu'
Linking C executable cmTC_e2948
/usr/bin/cmake -E cmake_link_script CMakeFiles/cmTC_e2948.dir/link.txt --verbose=1
/home/minhnn/work/btl/gcc-linaro-6.5.0-2018.12-x86_64_arm-linux-gnueabihf/bin/arm-linux-gnueabihf-gcc     -v -rdynamic CMakeFiles/cmTC_e2948.dir/CMakeCCompilerABI.c.o  -o cmTC_e2948 
Using built-in specs.
COLLECT_GCC=/home/minhnn/work/btl/gcc-linaro-6.5.0-2018.12-x86_64_arm-linux-gnueabihf/bin/arm-linux-gnueabihf-gcc
COLLECT_LTO_WRAPPER=/home/minhnn/work/btl/gcc-linaro-6.5.0-2018.12-x86_64_arm-linux-gnueabihf/bin/../libexec/gcc/arm-linux-gnueabihf/6.5.0/lto-wrapper
Target: arm-linux-gnueabihf
Configured with: '/home/tcwg-buildslave/workspace/tcwg-make-release_0/snapshots/gcc.git~linaro-6.5-2018.12/configure' SHELL=/bin/bash --with-mpc=/home/tcwg-buildslave/workspace/tcwg-make-release_0/_build/builds/destdir/x86_64-unknown-linux-gnu --with-mpfr=/home/tcwg-buildslave/workspace/tcwg-make-release_0/_build/builds/destdir/x86_64-unknown-linux-gnu --with-gmp=/home/tcwg-buildslave/workspace/tcwg-make-release_0/_build/builds/destdir/x86_64-unknown-linux-gnu --with-gnu-as --with-gnu-ld --disable-libmudflap --enable-lto --enable-shared --without-included-gettext --enable-nls --with-system-zlib --disable-sjlj-exceptions --enable-gnu-unique-object --enable-linker-build-id --disable-libstdcxx-pch --enable-c99 --enable-clocale=gnu --enable-libstdcxx-debug --enable-long-long --with-cloog=no --with-ppl=no --with-isl=no --disable-multilib --with-float=hard --with-fpu=vfpv3-d16 --with-mode=thumb --with-tune=cortex-a9 --with-arch=armv7-a --enable-threads=posix --enable-multiarch --enable-libstdcxx-time=yes --enable-gnu-indirect-function --with-build-sysroot=/home/tcwg-buildslave/workspace/tcwg-make-release_0/_build/sysroots/arm-linux-gnueabihf --with-sysroot=/home/tcwg-buildslave/workspace/tcwg-make-release_0/_build/builds/destdir/x86_64-unknown-linux-gnu/arm-linux-gnueabihf/libc --enable-checking=release --disable-bootstrap --enable-languages=c,c++,fortran,lto --build=x86_64-unknown-linux-gnu --host=x86_64-unknown-linux-gnu --target=arm-linux-gnueabihf --prefix=/home/tcwg-buildslave/workspace/tcwg-make-release_0/_build/builds/destdir/x86_64-unknown-linux-gnu
Thread model: posix
gcc version 6.5.0 (Linaro GCC 6.5-2018.12) 
COMPILER_PATH=/home/minhnn/work/btl/gcc-linaro-6.5.0-2018.12-x86_64_arm-linux-gnueabihf/bin/../libexec/gcc/arm-linux-gnueabihf/6.5.0/:/home/minhnn/work/btl/gcc-linaro-6.5.0-2018.12-x86_64_arm-linux-gnueabihf/bin/../libexec/gcc/arm-linux-gnueabihf/:/home/minhnn/work/btl/gcc-linaro-6.5.0-2018.12-x86_64_arm-linux-gnueabihf/bin/../libexec/gcc/:/home/minhnn/work/btl/gcc-linaro-6.5.0-2018.12-x86_64_arm-linux-gnueabihf/bin/../lib/gcc/arm-linux-gnueabihf/6.5.0/../../../../arm-linux-gnueabihf/bin/
LIBRARY_PATH=/home/minhnn/work/btl/gcc-linaro-6.5.0-2018.12-x86_64_arm-linux-gnueabihf/bin/../lib/gcc/arm-linux-gnueabihf/6.5.0/:/home/minhnn/work/btl/gcc-linaro-6.5.0-2018.12-x86_64_arm-linux-gnueabihf/bin/../lib/gcc/arm-linux-gnueabihf/:/home/minhnn/work/btl/gcc-linaro-6.5.0-2018.12-x86_64_arm-linux-gnueabihf/bin/../lib/gcc/:/home/minhnn/work/btl/gcc-linaro-6.5.0-2018.12-x86_64_arm-linux-gnueabihf/bin/../lib/gcc/arm-linux-gnueabihf/6.5.0/../../../../arm-linux-gnueabihf/lib/:/home/minhnn/work/btl/gcc-linaro-6.5.0-2018.12-x86_64_arm-linux-gnueabihf/bin/../arm-linux-gnueabihf/libc/lib/:/home/minhnn/work/btl/gcc-linaro-6.5.0-2018.12-x86_64_arm-linux-gnueabihf/bin/../arm-linux-gnueabihf/libc/usr/lib/
COLLECT_GCC_OPTIONS='-v' '-rdynamic' '-o' 'cmTC_e2948' '-march=armv7-a' '-mtune=cortex-a9' '-mfloat-abi=hard' '-mfpu=vfpv3-d16' '-mthumb' '-mtls-dialect=gnu'
 /home/minhnn/work/btl/gcc-linaro-6.5.0-2018.12-x86_64_arm-linux-gnueabihf/bin/../libexec/gcc/arm-linux-gnueabihf/6.5.0/collect2 -plugin /home/minhnn/work/btl/gcc-linaro-6.5.0-2018.12-x86_64_arm-linux-gnueabihf/bin/../libexec/gcc/arm-linux-gnueabihf/6.5.0/liblto_plugin.so -plugin-opt=/home/minhnn/work/btl/gcc-linaro-6.5.0-2018.12-x86_64_arm-linux-gnueabihf/bin/../libexec/gcc/arm-linux-gnueabihf/6.5.0/lto-wrapper -plugin-opt=-fresolution=/tmp/ccB5rWV5.res -plugin-opt=-pass-through=-lgcc -plugin-opt=-pass-through=-lgcc_s -plugin-opt=-pass-through=-lc -plugin-opt=-pass-through=-lgcc -plugin-opt=-pass-through=-lgcc_s --sysroot=/home/minhnn/work/btl/gcc-linaro-6.5.0-2018.12-x86_64_arm-linux-gnueabihf/bin/../arm-linux-gnueabihf/libc --build-id --eh-frame-hdr -export-dynamic -dynamic-linker /lib/ld-linux-armhf.so.3 -X -m armelf_linux_eabi -o cmTC_e2948 /home/minhnn/work/btl/gcc-linaro-6.5.0-2018.12-x86_64_arm-linux-gnueabihf/bin/../arm-linux-gnueabihf/libc/usr/lib/crt1.o /home/minhnn/work/btl/gcc-linaro-6.5.0-2018.12-x86_64_arm-linux-gnueabihf/bin/../arm-linux-gnueabihf/libc/usr/lib/crti.o /home/minhnn/work/btl/gcc-linaro-6.5.0-2018.12-x86_64_arm-linux-gnueabihf/bin/../lib/gcc/arm-linux-gnueabihf/6.5.0/crtbegin.o -L/home/minhnn/work/btl/gcc-linaro-6.5.0-2018.12-x86_64_arm-linux-gnueabihf/bin/../lib/gcc/arm-linux-gnueabihf/6.5.0 -L/home/minhnn/work/btl/gcc-linaro-6.5.0-2018.12-x86_64_arm-linux-gnueabihf/bin/../lib/gcc/arm-linux-gnueabihf -L/home/minhnn/work/btl/gcc-linaro-6.5.0-2018.12-x86_64_arm-linux-gnueabihf/bin/../lib/gcc -L/home/minhnn/work/btl/gcc-linaro-6.5.0-2018.12-x86_64_arm-linux-gnueabihf/bin/../lib/gcc/arm-linux-gnueabihf/6.5.0/../../../../arm-linux-gnueabihf/lib -L/home/minhnn/work/btl/gcc-linaro-6.5.0-2018.12-x86_64_arm-linux-gnueabihf/bin/../arm-linux-gnueabihf/libc/lib -L/home/minhnn/work/btl/gcc-linaro-6.5.0-2018.12-x86_64_arm-linux-gnueabihf/bin/../arm-linux-gnueabihf/libc/usr/lib CMakeFiles/cmTC_e2948.dir/CMakeCCompilerABI.c.o -lgcc --as-needed -lgcc_s --no-as-needed -lc -lgcc --as-needed -lgcc_s --no-as-needed /home/minhnn/work/btl/gcc-linaro-6.5.0-2018.12-x86_64_arm-linux-gnueabihf/bin/../lib/gcc/arm-linux-gnueabihf/6.5.0/crtend.o /home/minhnn/work/btl/gcc-linaro-6.5.0-2018.12-x86_64_arm-linux-gnueabihf/bin/../arm-linux-gnueabihf/libc/usr/lib/crtn.o
COLLECT_GCC_OPTIONS='-v' '-rdynamic' '-o' 'cmTC_e2948' '-march=armv7-a' '-mtune=cortex-a9' '-mfloat-abi=hard' '-mfpu=vfpv3-d16' '-mthumb' '-mtls-dialect=gnu'
make[1]: Leaving directory '/home/minhnn/work/btl/open_src/mosquitto-2.0.18/build/CMakeFiles/CMakeTmp'



Parsed C implicit include dir info from above output: rv=done
  found start of include info
  found start of implicit include info
    add: [/home/minhnn/work/btl/gcc-linaro-6.5.0-2018.12-x86_64_arm-linux-gnueabihf/bin/../lib/gcc/arm-linux-gnueabihf/6.5.0/include]
    add: [/home/minhnn/work/btl/gcc-linaro-6.5.0-2018.12-x86_64_arm-linux-gnueabihf/bin/../lib/gcc/arm-linux-gnueabihf/6.5.0/include-fixed]
    add: [/home/minhnn/work/btl/gcc-linaro-6.5.0-2018.12-x86_64_arm-linux-gnueabihf/bin/../lib/gcc/arm-linux-gnueabihf/6.5.0/../../../../arm-linux-gnueabihf/include]
    add: [/home/minhnn/work/btl/gcc-linaro-6.5.0-2018.12-x86_64_arm-linux-gnueabihf/bin/../arm-linux-gnueabihf/libc/usr/include]
  end of search list found
  collapse include dir [/home/minhnn/work/btl/gcc-linaro-6.5.0-2018.12-x86_64_arm-linux-gnueabihf/bin/../lib/gcc/arm-linux-gnueabihf/6.5.0/include] ==> [/home/minhnn/work/btl/gcc-linaro-6.5.0-2018.12-x86_64_arm-linux-gnueabihf/lib/gcc/arm-linux-gnueabihf/6.5.0/include]
  collapse include dir [/home/minhnn/work/btl/gcc-linaro-6.5.0-2018.12-x86_64_arm-linux-gnueabihf/bin/../lib/gcc/arm-linux-gnueabihf/6.5.0/include-fixed] ==> [/home/minhnn/work/btl/gcc-linaro-6.5.0-2018.12-x86_64_arm-linux-gnueabihf/lib/gcc/arm-linux-gnueabihf/6.5.0/include-fixed]
  collapse include dir [/home/minhnn/work/btl/gcc-linaro-6.5.0-2018.12-x86_64_arm-linux-gnueabihf/bin/../lib/gcc/arm-linux-gnueabihf/6.5.0/../../../../arm-linux-gnueabihf/include] ==> [/home/minhnn/work/btl/gcc-linaro-6.5.0-2018.12-x86_64_arm-linux-gnueabihf/arm-linux-gnueabihf/include]
  collapse include dir [/home/minhnn/work/btl/gcc-linaro-6.5.0-2018.12-x86_64_arm-linux-gnueabihf/bin/../arm-linux-gnueabihf/libc/usr/include] ==> [/home/minhnn/work/btl/gcc-linaro-6.5.0-2018.12-x86_64_arm-linux-gnueabihf/arm-linux-gnueabihf/libc/usr/include]
  implicit include dirs: [/home/minhnn/work/btl/gcc-linaro-6.5.0-2018.12-x86_64_arm-linux-gnueabihf/lib/gcc/arm-linux-gnueabihf/6.5.0/include;/home/minhnn/work/btl/gcc-linaro-6.5.0-2018.12-x86_64_arm-linux-gnueabihf/lib/gcc/arm-linux-gnueabihf/6.5.0/include-fixed;/home/minhnn/work/btl/gcc-linaro-6.5.0-2018.12-x86_64_arm-linux-gnueabihf/arm-linux-gnueabihf/include;/home/minhnn/work/btl/gcc-linaro-6.5.0-2018.12-x86_64_arm-linux-gnueabihf/arm-linux-gnueabihf/libc/usr/include]


Parsed C implicit link information from above output:
  link line regex: [^( *|.*[/\])(arm-linux-gnueabihf-ld|CMAKE_LINK_STARTFILE-NOTFOUND|([^/\]+-)?ld|collect2)[^/\]*( |$)]
  ignore line: [Change Dir: /home/minhnn/work/btl/open_src/mosquitto-2.0.18/build/CMakeFiles/CMakeTmp]
  ignore line: []
  ignore line: [Run Build Command(s):/usr/bin/make cmTC_e2948/fast && /usr/bin/make -f CMakeFiles/cmTC_e2948.dir/build.make CMakeFiles/cmTC_e2948.dir/build]
  ignore line: [make[1]: Entering directory '/home/minhnn/work/btl/open_src/mosquitto-2.0.18/build/CMakeFiles/CMakeTmp']
  ignore line: [Building C object CMakeFiles/cmTC_e2948.dir/CMakeCCompilerABI.c.o]
  ignore line: [/home/minhnn/work/btl/gcc-linaro-6.5.0-2018.12-x86_64_arm-linux-gnueabihf/bin/arm-linux-gnueabihf-gcc   -v -o CMakeFiles/cmTC_e2948.dir/CMakeCCompilerABI.c.o   -c /usr/share/cmake-3.16/Modules/CMakeCCompilerABI.c]
  ignore line: [Using built-in specs.]
  ignore line: [COLLECT_GCC=/home/minhnn/work/btl/gcc-linaro-6.5.0-2018.12-x86_64_arm-linux-gnueabihf/bin/arm-linux-gnueabihf-gcc]
  ignore line: [Target: arm-linux-gnueabihf]
  ignore line: [Configured with: '/home/tcwg-buildslave/workspace/tcwg-make-release_0/snapshots/gcc.git~linaro-6.5-2018.12/configure' SHELL=/bin/bash --with-mpc=/home/tcwg-buildslave/workspace/tcwg-make-release_0/_build/builds/destdir/x86_64-unknown-linux-gnu --with-mpfr=/home/tcwg-buildslave/workspace/tcwg-make-release_0/_build/builds/destdir/x86_64-unknown-linux-gnu --with-gmp=/home/tcwg-buildslave/workspace/tcwg-make-release_0/_build/builds/destdir/x86_64-unknown-linux-gnu --with-gnu-as --with-gnu-ld --disable-libmudflap --enable-lto --enable-shared --without-included-gettext --enable-nls --with-system-zlib --disable-sjlj-exceptions --enable-gnu-unique-object --enable-linker-build-id --disable-libstdcxx-pch --enable-c99 --enable-clocale=gnu --enable-libstdcxx-debug --enable-long-long --with-cloog=no --with-ppl=no --with-isl=no --disable-multilib --with-float=hard --with-fpu=vfpv3-d16 --with-mode=thumb --with-tune=cortex-a9 --with-arch=armv7-a --enable-threads=posix --enable-multiarch --enable-libstdcxx-time=yes --enable-gnu-indirect-function --with-build-sysroot=/home/tcwg-buildslave/workspace/tcwg-make-release_0/_build/sysroots/arm-linux-gnueabihf --with-sysroot=/home/tcwg-buildslave/workspace/tcwg-make-release_0/_build/builds/destdir/x86_64-unknown-linux-gnu/arm-linux-gnueabihf/libc --enable-checking=release --disable-bootstrap --enable-languages=c,c++,fortran,lto --build=x86_64-unknown-linux-gnu --host=x86_64-unknown-linux-gnu --target=arm-linux-gnueabihf --prefix=/home/tcwg-buildslave/workspace/tcwg-make-release_0/_build/builds/destdir/x86_64-unknown-linux-gnu]
  ignore line: [Thread model: posix]
  ignore line: [gcc version 6.5.0 (Linaro GCC 6.5-2018.12) ]
  ignore line: [COLLECT_GCC_OPTIONS='-v' '-o' 'CMakeFiles/cmTC_e2948.dir/CMakeCCompilerABI.c.o' '-c' '-march=armv7-a' '-mtune=cortex-a9' '-mfloat-abi=hard' '-mfpu=vfpv3-d16' '-mthumb' '-mtls-dialect=gnu']
  ignore line: [ /home/minhnn/work/btl/gcc-linaro-6.5.0-2018.12-x86_64_arm-linux-gnueabihf/bin/../libexec/gcc/arm-linux-gnueabihf/6.5.0/cc1 -quiet -v -imultilib . -imultiarch arm-linux-gnueabihf -iprefix /home/minhnn/work/btl/gcc-linaro-6.5.0-2018.12-x86_64_arm-linux-gnueabihf/bin/../lib/gcc/arm-linux-gnueabihf/6.5.0/ -isysroot /home/minhnn/work/btl/gcc-linaro-6.5.0-2018.12-x86_64_arm-linux-gnueabihf/bin/../arm-linux-gnueabihf/libc /usr/share/cmake-3.16/Modules/CMakeCCompilerABI.c -quiet -dumpbase CMakeCCompilerABI.c -march=armv7-a -mtune=cortex-a9 -mfloat-abi=hard -mfpu=vfpv3-d16 -mthumb -mtls-dialect=gnu -auxbase-strip CMakeFiles/cmTC_e2948.dir/CMakeCCompilerABI.c.o -version -o /tmp/cceIDYDD.s]
  ignore line: [GNU C11 (Linaro GCC 6.5-2018.12) version 6.5.0 (arm-linux-gnueabihf)]
  ignore line: [	compiled by GNU C version 4.8.4  GMP version 6.1.0  MPFR version 3.1.4  MPC version 1.0.3  isl version none]
  ignore line: [GGC heuristics: --param ggc-min-expand=100 --param ggc-min-heapsize=131072]
  ignore line: [ignoring duplicate directory "/home/minhnn/work/btl/gcc-linaro-6.5.0-2018.12-x86_64_arm-linux-gnueabihf/bin/../lib/gcc/../../lib/gcc/arm-linux-gnueabihf/6.5.0/include"]
  ignore line: [ignoring nonexistent directory "/home/minhnn/work/btl/gcc-linaro-6.5.0-2018.12-x86_64_arm-linux-gnueabihf/bin/../arm-linux-gnueabihf/libc/usr/local/include/arm-linux-gnueabihf"]
  ignore line: [ignoring nonexistent directory "/home/minhnn/work/btl/gcc-linaro-6.5.0-2018.12-x86_64_arm-linux-gnueabihf/bin/../arm-linux-gnueabihf/libc/usr/local/include"]
  ignore line: [ignoring duplicate directory "/home/minhnn/work/btl/gcc-linaro-6.5.0-2018.12-x86_64_arm-linux-gnueabihf/bin/../lib/gcc/../../lib/gcc/arm-linux-gnueabihf/6.5.0/include-fixed"]
  ignore line: [ignoring duplicate directory "/home/minhnn/work/btl/gcc-linaro-6.5.0-2018.12-x86_64_arm-linux-gnueabihf/bin/../lib/gcc/../../lib/gcc/arm-linux-gnueabihf/6.5.0/../../../../arm-linux-gnueabihf/include"]
  ignore line: [ignoring nonexistent directory "/home/minhnn/work/btl/gcc-linaro-6.5.0-2018.12-x86_64_arm-linux-gnueabihf/bin/../arm-linux-gnueabihf/libc/usr/include/arm-linux-gnueabihf"]
  ignore line: [#include "..." search starts here:]
  ignore line: [#include <...> search starts here:]
  ignore line: [ /home/minhnn/work/btl/gcc-linaro-6.5.0-2018.12-x86_64_arm-linux-gnueabihf/bin/../lib/gcc/arm-linux-gnueabihf/6.5.0/include]
  ignore line: [ /home/minhnn/work/btl/gcc-linaro-6.5.0-2018.12-x86_64_arm-linux-gnueabihf/bin/../lib/gcc/arm-linux-gnueabihf/6.5.0/include-fixed]
  ignore line: [ /home/minhnn/work/btl/gcc-linaro-6.5.0-2018.12-x86_64_arm-linux-gnueabihf/bin/../lib/gcc/arm-linux-gnueabihf/6.5.0/../../../../arm-linux-gnueabihf/include]
  ignore line: [ /home/minhnn/work/btl/gcc-linaro-6.5.0-2018.12-x86_64_arm-linux-gnueabihf/bin/../arm-linux-gnueabihf/libc/usr/include]
  ignore line: [End of search list.]
  ignore line: [GNU C11 (Linaro GCC 6.5-2018.12) version 6.5.0 (arm-linux-gnueabihf)]
  ignore line: [	compiled by GNU C version 4.8.4  GMP version 6.1.0  MPFR version 3.1.4  MPC version 1.0.3  isl version none]
  ignore line: [GGC heuristics: --param ggc-min-expand=100 --param ggc-min-heapsize=131072]
  ignore line: [Compiler executable checksum: 57c4b94e3778e16c6e63878e2dd6e36b]
  ignore line: [COLLECT_GCC_OPTIONS='-v' '-o' 'CMakeFiles/cmTC_e2948.dir/CMakeCCompilerABI.c.o' '-c' '-march=armv7-a' '-mtune=cortex-a9' '-mfloat-abi=hard' '-mfpu=vfpv3-d16' '-mthumb' '-mtls-dialect=gnu']
  ignore line: [ /home/minhnn/work/btl/gcc-linaro-6.5.0-2018.12-x86_64_arm-linux-gnueabihf/bin/../lib/gcc/arm-linux-gnueabihf/6.5.0/../../../../arm-linux-gnueabihf/bin/as -v -march=armv7-a -mfloat-abi=hard -mfpu=vfpv3-d16 -meabi=5 -o CMakeFiles/cmTC_e2948.dir/CMakeCCompilerABI.c.o /tmp/cceIDYDD.s]
  ignore line: [GNU assembler version 2.27.0 (arm-linux-gnueabihf) using BFD version (Linaro_Binutils-2018.12) 2.27.0.20161229]
  ignore line: [COMPILER_PATH=/home/minhnn/work/btl/gcc-linaro-6.5.0-2018.12-x86_64_arm-linux-gnueabihf/bin/../libexec/gcc/arm-linux-gnueabihf/6.5.0/:/home/minhnn/work/btl/gcc-linaro-6.5.0-2018.12-x86_64_arm-linux-gnueabihf/bin/../libexec/gcc/arm-linux-gnueabihf/:/home/minhnn/work/btl/gcc-linaro-6.5.0-2018.12-x86_64_arm-linux-gnueabihf/bin/../libexec/gcc/:/home/minhnn/work/btl/gcc-linaro-6.5.0-2018.12-x86_64_arm-linux-gnueabihf/bin/../lib/gcc/arm-linux-gnueabihf/6.5.0/../../../../arm-linux-gnueabihf/bin/]
  ignore line: [LIBRARY_PATH=/home/minhnn/work/btl/gcc-linaro-6.5.0-2018.12-x86_64_arm-linux-gnueabihf/bin/../lib/gcc/arm-linux-gnueabihf/6.5.0/:/home/minhnn/work/btl/gcc-linaro-6.5.0-2018.12-x86_64_arm-linux-gnueabihf/bin/../lib/gcc/arm-linux-gnueabihf/:/home/minhnn/work/btl/gcc-linaro-6.5.0-2018.12-x86_64_arm-linux-gnueabihf/bin/../lib/gcc/:/home/minhnn/work/btl/gcc-linaro-6.5.0-2018.12-x86_64_arm-linux-gnueabihf/bin/../lib/gcc/arm-linux-gnueabihf/6.5.0/../../../../arm-linux-gnueabihf/lib/:/home/minhnn/work/btl/gcc-linaro-6.5.0-2018.12-x86_64_arm-linux-gnueabihf/bin/../arm-linux-gnueabihf/libc/lib/:/home/minhnn/work/btl/gcc-linaro-6.5.0-2018.12-x86_64_arm-linux-gnueabihf/bin/../arm-linux-gnueabihf/libc/usr/lib/]
  ignore line: [COLLECT_GCC_OPTIONS='-v' '-o' 'CMakeFiles/cmTC_e2948.dir/CMakeCCompilerABI.c.o' '-c' '-march=armv7-a' '-mtune=cortex-a9' '-mfloat-abi=hard' '-mfpu=vfpv3-d16' '-mthumb' '-mtls-dialect=gnu']
  ignore line: [Linking C executable cmTC_e2948]
  ignore line: [/usr/bin/cmake -E cmake_link_script CMakeFiles/cmTC_e2948.dir/link.txt --verbose=1]
  ignore line: [/home/minhnn/work/btl/gcc-linaro-6.5.0-2018.12-x86_64_arm-linux-gnueabihf/bin/arm-linux-gnueabihf-gcc     -v -rdynamic CMakeFiles/cmTC_e2948.dir/CMakeCCompilerABI.c.o  -o cmTC_e2948 ]
  ignore line: [Using built-in specs.]
  ignore line: [COLLECT_GCC=/home/minhnn/work/btl/gcc-linaro-6.5.0-2018.12-x86_64_arm-linux-gnueabihf/bin/arm-linux-gnueabihf-gcc]
  ignore line: [COLLECT_LTO_WRAPPER=/home/minhnn/work/btl/gcc-linaro-6.5.0-2018.12-x86_64_arm-linux-gnueabihf/bin/../libexec/gcc/arm-linux-gnueabihf/6.5.0/lto-wrapper]
  ignore line: [Target: arm-linux-gnueabihf]
  ignore line: [Configured with: '/home/tcwg-buildslave/workspace/tcwg-make-release_0/snapshots/gcc.git~linaro-6.5-2018.12/configure' SHELL=/bin/bash --with-mpc=/home/tcwg-buildslave/workspace/tcwg-make-release_0/_build/builds/destdir/x86_64-unknown-linux-gnu --with-mpfr=/home/tcwg-buildslave/workspace/tcwg-make-release_0/_build/builds/destdir/x86_64-unknown-linux-gnu --with-gmp=/home/tcwg-buildslave/workspace/tcwg-make-release_0/_build/builds/destdir/x86_64-unknown-linux-gnu --with-gnu-as --with-gnu-ld --disable-libmudflap --enable-lto --enable-shared --without-included-gettext --enable-nls --with-system-zlib --disable-sjlj-exceptions --enable-gnu-unique-object --enable-linker-build-id --disable-libstdcxx-pch --enable-c99 --enable-clocale=gnu --enable-libstdcxx-debug --enable-long-long --with-cloog=no --with-ppl=no --with-isl=no --disable-multilib --with-float=hard --with-fpu=vfpv3-d16 --with-mode=thumb --with-tune=cortex-a9 --with-arch=armv7-a --enable-threads=posix --enable-multiarch --enable-libstdcxx-time=yes --enable-gnu-indirect-function --with-build-sysroot=/home/tcwg-buildslave/workspace/tcwg-make-release_0/_build/sysroots/arm-linux-gnueabihf --with-sysroot=/home/tcwg-buildslave/workspace/tcwg-make-release_0/_build/builds/destdir/x86_64-unknown-linux-gnu/arm-linux-gnueabihf/libc --enable-checking=release --disable-bootstrap --enable-languages=c,c++,fortran,lto --build=x86_64-unknown-linux-gnu --host=x86_64-unknown-linux-gnu --target=arm-linux-gnueabihf --prefix=/home/tcwg-buildslave/workspace/tcwg-make-release_0/_build/builds/destdir/x86_64-unknown-linux-gnu]
  ignore line: [Thread model: posix]
  ignore line: [gcc version 6.5.0 (Linaro GCC 6.5-2018.12) ]
  ignore line: [COMPILER_PATH=/home/minhnn/work/btl/gcc-linaro-6.5.0-2018.12-x86_64_arm-linux-gnueabihf/bin/../libexec/gcc/arm-linux-gnueabihf/6.5.0/:/home/minhnn/work/btl/gcc-linaro-6.5.0-2018.12-x86_64_arm-linux-gnueabihf/bin/../libexec/gcc/arm-linux-gnueabihf/:/home/minhnn/work/btl/gcc-linaro-6.5.0-2018.12-x86_64_arm-linux-gnueabihf/bin/../libexec/gcc/:/home/minhnn/work/btl/gcc-linaro-6.5.0-2018.12-x86_64_arm-linux-gnueabihf/bin/../lib/gcc/arm-linux-gnueabihf/6.5.0/../../../../arm-linux-gnueabihf/bin/]
  ignore line: [LIBRARY_PATH=/home/minhnn/work/btl/gcc-linaro-6.5.0-2018.12-x86_64_arm-linux-gnueabihf/bin/../lib/gcc/arm-linux-gnueabihf/6.5.0/:/home/minhnn/work/btl/gcc-linaro-6.5.0-2018.12-x86_64_arm-linux-gnueabihf/bin/../lib/gcc/arm-linux-gnueabihf/:/home/minhnn/work/btl/gcc-linaro-6.5.0-2018.12-x86_64_arm-linux-gnueabihf/bin/../lib/gcc/:/home/minhnn/work/btl/gcc-linaro-6.5.0-2018.12-x86_64_arm-linux-gnueabihf/bin/../lib/gcc/arm-linux-gnueabihf/6.5.0/../../../../arm-linux-gnueabihf/lib/:/home/minhnn/work/btl/gcc-linaro-6.5.0-2018.12-x86_64_arm-linux-gnueabihf/bin/../arm-linux-gnueabihf/libc/lib/:/home/minhnn/work/btl/gcc-linaro-6.5.0-2018.12-x86_64_arm-linux-gnueabihf/bin/../arm-linux-gnueabihf/libc/usr/lib/]
  ignore line: [COLLECT_GCC_OPTIONS='-v' '-rdynamic' '-o' 'cmTC_e2948' '-march=armv7-a' '-mtune=cortex-a9' '-mfloat-abi=hard' '-mfpu=vfpv3-d16' '-mthumb' '-mtls-dialect=gnu']
  link line: [ /home/minhnn/work/btl/gcc-linaro-6.5.0-2018.12-x86_64_arm-linux-gnueabihf/bin/../libexec/gcc/arm-linux-gnueabihf/6.5.0/collect2 -plugin /home/minhnn/work/btl/gcc-linaro-6.5.0-2018.12-x86_64_arm-linux-gnueabihf/bin/../libexec/gcc/arm-linux-gnueabihf/6.5.0/liblto_plugin.so -plugin-opt=/home/minhnn/work/btl/gcc-linaro-6.5.0-2018.12-x86_64_arm-linux-gnueabihf/bin/../libexec/gcc/arm-linux-gnueabihf/6.5.0/lto-wrapper -plugin-opt=-fresolution=/tmp/ccB5rWV5.res -plugin-opt=-pass-through=-lgcc -plugin-opt=-pass-through=-lgcc_s -plugin-opt=-pass-through=-lc -plugin-opt=-pass-through=-lgcc -plugin-opt=-pass-through=-lgcc_s --sysroot=/home/minhnn/work/btl/gcc-linaro-6.5.0-2018.12-x86_64_arm-linux-gnueabihf/bin/../arm-linux-gnueabihf/libc --build-id --eh-frame-hdr -export-dynamic -dynamic-linker /lib/ld-linux-armhf.so.3 -X -m armelf_linux_eabi -o cmTC_e2948 /home/minhnn/work/btl/gcc-linaro-6.5.0-2018.12-x86_64_arm-linux-gnueabihf/bin/../arm-linux-gnueabihf/libc/usr/lib/crt1.o /home/minhnn/work/btl/gcc-linaro-6.5.0-2018.12-x86_64_arm-linux-gnueabihf/bin/../arm-linux-gnueabihf/libc/usr/lib/crti.o /home/minhnn/work/btl/gcc-linaro-6.5.0-2018.12-x86_64_arm-linux-gnueabihf/bin/../lib/gcc/arm-linux-gnueabihf/6.5.0/crtbegin.o -L/home/minhnn/work/btl/gcc-linaro-6.5.0-2018.12-x86_64_arm-linux-gnueabihf/bin/../lib/gcc/arm-linux-gnueabihf/6.5.0 -L/home/minhnn/work/btl/gcc-linaro-6.5.0-2018.12-x86_64_arm-linux-gnueabihf/bin/../lib/gcc/arm-linux-gnueabihf -L/home/minhnn/work/btl/gcc-linaro-6.5.0-2018.12-x86_64_arm-linux-gnueabihf/bin/../lib/gcc -L/home/minhnn/work/btl/gcc-linaro-6.5.0-2018.12-x86_64_arm-linux-gnueabihf/bin/../lib/gcc/arm-linux-gnueabihf/6.5.0/../../../../arm-linux-gnueabihf/lib -L/home/minhnn/work/btl/gcc-linaro-6.5.0-2018.12-x86_64_arm-linux-gnueabihf/bin/../arm-linux-gnueabihf/libc/lib -L/home/minhnn/work/btl/gcc-linaro-6.5.0-2018.12-x86_64_arm-linux-gnueabihf/bin/../arm-linux-gnueabihf/libc/usr/lib CMakeFiles/cmTC_e2948.dir/CMakeCCompilerABI.c.o -lgcc --as-needed -lgcc_s --no-as-needed -lc -lgcc --as-needed -lgcc_s --no-as-needed /home/minhnn/work/btl/gcc-linaro-6.5.0-2018.12-x86_64_arm-linux-gnueabihf/bin/../lib/gcc/arm-linux-gnueabihf/6.5.0/crtend.o /home/minhnn/work/btl/gcc-linaro-6.5.0-2018.12-x86_64_arm-linux-gnueabihf/bin/../arm-linux-gnueabihf/libc/usr/lib/crtn.o]
    arg [/home/minhnn/work/btl/gcc-linaro-6.5.0-2018.12-x86_64_arm-linux-gnueabihf/bin/../libexec/gcc/arm-linux-gnueabihf/6.5.0/collect2] ==> ignore
    arg [-plugin] ==> ignore
    arg [/home/minhnn/work/btl/gcc-linaro-6.5.0-2018.12-x86_64_arm-linux-gnueabihf/bin/../libexec/gcc/arm-linux-gnueabihf/6.5.0/liblto_plugin.so] ==> ignore
    arg [-plugin-opt=/home/minhnn/work/btl/gcc-linaro-6.5.0-2018.12-x86_64_arm-linux-gnueabihf/bin/../libexec/gcc/arm-linux-gnueabihf/6.5.0/lto-wrapper] ==> ignore
    arg [-plugin-opt=-fresolution=/tmp/ccB5rWV5.res] ==> ignore
    arg [-plugin-opt=-pass-through=-lgcc] ==> ignore
    arg [-plugin-opt=-pass-through=-lgcc_s] ==> ignore
    arg [-plugin-opt=-pass-through=-lc] ==> ignore
    arg [-plugin-opt=-pass-through=-lgcc] ==> ignore
    arg [-plugin-opt=-pass-through=-lgcc_s] ==> ignore
    arg [--sysroot=/home/minhnn/work/btl/gcc-linaro-6.5.0-2018.12-x86_64_arm-linux-gnueabihf/bin/../arm-linux-gnueabihf/libc] ==> ignore
    arg [--build-id] ==> ignore
    arg [--eh-frame-hdr] ==> ignore
    arg [-export-dynamic] ==> ignore
    arg [-dynamic-linker] ==> ignore
    arg [/lib/ld-linux-armhf.so.3] ==> ignore
    arg [-X] ==> ignore
    arg [-m] ==> ignore
    arg [armelf_linux_eabi] ==> ignore
    arg [-o] ==> ignore
    arg [cmTC_e2948] ==> ignore
    arg [/home/minhnn/work/btl/gcc-linaro-6.5.0-2018.12-x86_64_arm-linux-gnueabihf/bin/../arm-linux-gnueabihf/libc/usr/lib/crt1.o] ==> ignore
    arg [/home/minhnn/work/btl/gcc-linaro-6.5.0-2018.12-x86_64_arm-linux-gnueabihf/bin/../arm-linux-gnueabihf/libc/usr/lib/crti.o] ==> ignore
    arg [/home/minhnn/work/btl/gcc-linaro-6.5.0-2018.12-x86_64_arm-linux-gnueabihf/bin/../lib/gcc/arm-linux-gnueabihf/6.5.0/crtbegin.o] ==> ignore
    arg [-L/home/minhnn/work/btl/gcc-linaro-6.5.0-2018.12-x86_64_arm-linux-gnueabihf/bin/../lib/gcc/arm-linux-gnueabihf/6.5.0] ==> dir [/home/minhnn/work/btl/gcc-linaro-6.5.0-2018.12-x86_64_arm-linux-gnueabihf/bin/../lib/gcc/arm-linux-gnueabihf/6.5.0]
    arg [-L/home/minhnn/work/btl/gcc-linaro-6.5.0-2018.12-x86_64_arm-linux-gnueabihf/bin/../lib/gcc/arm-linux-gnueabihf] ==> dir [/home/minhnn/work/btl/gcc-linaro-6.5.0-2018.12-x86_64_arm-linux-gnueabihf/bin/../lib/gcc/arm-linux-gnueabihf]
    arg [-L/home/minhnn/work/btl/gcc-linaro-6.5.0-2018.12-x86_64_arm-linux-gnueabihf/bin/../lib/gcc] ==> dir [/home/minhnn/work/btl/gcc-linaro-6.5.0-2018.12-x86_64_arm-linux-gnueabihf/bin/../lib/gcc]
    arg [-L/home/minhnn/work/btl/gcc-linaro-6.5.0-2018.12-x86_64_arm-linux-gnueabihf/bin/../lib/gcc/arm-linux-gnueabihf/6.5.0/../../../../arm-linux-gnueabihf/lib] ==> dir [/home/minhnn/work/btl/gcc-linaro-6.5.0-2018.12-x86_64_arm-linux-gnueabihf/bin/../lib/gcc/arm-linux-gnueabihf/6.5.0/../../../../arm-linux-gnueabihf/lib]
    arg [-L/home/minhnn/work/btl/gcc-linaro-6.5.0-2018.12-x86_64_arm-linux-gnueabihf/bin/../arm-linux-gnueabihf/libc/lib] ==> dir [/home/minhnn/work/btl/gcc-linaro-6.5.0-2018.12-x86_64_arm-linux-gnueabihf/bin/../arm-linux-gnueabihf/libc/lib]
    arg [-L/home/minhnn/work/btl/gcc-linaro-6.5.0-2018.12-x86_64_arm-linux-gnueabihf/bin/../arm-linux-gnueabihf/libc/usr/lib] ==> dir [/home/minhnn/work/btl/gcc-linaro-6.5.0-2018.12-x86_64_arm-linux-gnueabihf/bin/../arm-linux-gnueabihf/libc/usr/lib]
    arg [CMakeFiles/cmTC_e2948.dir/CMakeCCompilerABI.c.o] ==> ignore
    arg [-lgcc] ==> lib [gcc]
    arg [--as-needed] ==> ignore
    arg [-lgcc_s] ==> lib [gcc_s]
    arg [--no-as-needed] ==> ignore
    arg [-lc] ==> lib [c]
    arg [-lgcc] ==> lib [gcc]
    arg [--as-needed] ==> ignore
    arg [-lgcc_s] ==> lib [gcc_s]
    arg [--no-as-needed] ==> ignore
    arg [/home/minhnn/work/btl/gcc-linaro-6.5.0-2018.12-x86_64_arm-linux-gnueabihf/bin/../lib/gcc/arm-linux-gnueabihf/6.5.0/crtend.o] ==> ignore
    arg [/home/minhnn/work/btl/gcc-linaro-6.5.0-2018.12-x86_64_arm-linux-gnueabihf/bin/../arm-linux-gnueabihf/libc/usr/lib/crtn.o] ==> ignore
  collapse library dir [/home/minhnn/work/btl/gcc-linaro-6.5.0-2018.12-x86_64_arm-linux-gnueabihf/bin/../lib/gcc/arm-linux-gnueabihf/6.5.0] ==> [/home/minhnn/work/btl/gcc-linaro-6.5.0-2018.12-x86_64_arm-linux-gnueabihf/lib/gcc/arm-linux-gnueabihf/6.5.0]
  collapse library dir [/home/minhnn/work/btl/gcc-linaro-6.5.0-2018.12-x86_64_arm-linux-gnueabihf/bin/../lib/gcc/arm-linux-gnueabihf] ==> [/home/minhnn/work/btl/gcc-linaro-6.5.0-2018.12-x86_64_arm-linux-gnueabihf/lib/gcc/arm-linux-gnueabihf]
  collapse library dir [/home/minhnn/work/btl/gcc-linaro-6.5.0-2018.12-x86_64_arm-linux-gnueabihf/bin/../lib/gcc] ==> [/home/minhnn/work/btl/gcc-linaro-6.5.0-2018.12-x86_64_arm-linux-gnueabihf/lib/gcc]
  collapse library dir [/home/minhnn/work/btl/gcc-linaro-6.5.0-2018.12-x86_64_arm-linux-gnueabihf/bin/../lib/gcc/arm-linux-gnueabihf/6.5.0/../../../../arm-linux-gnueabihf/lib] ==> [/home/minhnn/work/btl/gcc-linaro-6.5.0-2018.12-x86_64_arm-linux-gnueabihf/arm-linux-gnueabihf/lib]
  collapse library dir [/home/minhnn/work/btl/gcc-linaro-6.5.0-2018.12-x86_64_arm-linux-gnueabihf/bin/../arm-linux-gnueabihf/libc/lib] ==> [/home/minhnn/work/btl/gcc-linaro-6.5.0-2018.12-x86_64_arm-linux-gnueabihf/arm-linux-gnueabihf/libc/lib]
  collapse library dir [/home/minhnn/work/btl/gcc-linaro-6.5.0-2018.12-x86_64_arm-linux-gnueabihf/bin/../arm-linux-gnueabihf/libc/usr/lib] ==> [/home/minhnn/work/btl/gcc-linaro-6.5.0-2018.12-x86_64_arm-linux-gnueabihf/arm-linux-gnueabihf/libc/usr/lib]
  implicit libs: [gcc;gcc_s;c;gcc;gcc_s]
  implicit dirs: [/home/minhnn/work/btl/gcc-linaro-6.5.0-2018.12-x86_64_arm-linux-gnueabihf/lib/gcc/arm-linux-gnueabihf/6.5.0;/home/minhnn/work/btl/gcc-linaro-6.5.0-2018.12-x86_64_arm-linux-gnueabihf/lib/gcc/arm-linux-gnueabihf;/home/minhnn/work/btl/gcc-linaro-6.5.0-2018.12-x86_64_arm-linux-gnueabihf/lib/gcc;/home/minhnn/work/btl/gcc-linaro-6.5.0-2018.12-x86_64_arm-linux-gnueabihf/arm-linux-gnueabihf/lib;/home/minhnn/work/btl/gcc-linaro-6.5.0-2018.12-x86_64_arm-linux-gnueabihf/arm-linux-gnueabihf/libc/lib;/home/minhnn/work/btl/gcc-linaro-6.5.0-2018.12-x86_64_arm-linux-gnueabihf/arm-linux-gnueabihf/libc/usr/lib]
  implicit fwks: []


Determining if the CXX compiler works passed with the following output:
Change Dir: /home/minhnn/work/btl/open_src/mosquitto-2.0.18/build/CMakeFiles/CMakeTmp

Run Build Command(s):/usr/bin/make cmTC_c244a/fast && /usr/bin/make -f CMakeFiles/cmTC_c244a.dir/build.make CMakeFiles/cmTC_c244a.dir/build
make[1]: Entering directory '/home/minhnn/work/btl/open_src/mosquitto-2.0.18/build/CMakeFiles/CMakeTmp'
Building CXX object CMakeFiles/cmTC_c244a.dir/testCXXCompiler.cxx.o
/home/minhnn/work/btl/gcc-linaro-6.5.0-2018.12-x86_64_arm-linux-gnueabihf/bin/arm-linux-gnueabihf-g++     -o CMakeFiles/cmTC_c244a.dir/testCXXCompiler.cxx.o -c /home/minhnn/work/btl/open_src/mosquitto-2.0.18/build/CMakeFiles/CMakeTmp/testCXXCompiler.cxx
Linking CXX executable cmTC_c244a
/usr/bin/cmake -E cmake_link_script CMakeFiles/cmTC_c244a.dir/link.txt --verbose=1
/home/minhnn/work/btl/gcc-linaro-6.5.0-2018.12-x86_64_arm-linux-gnueabihf/bin/arm-linux-gnueabihf-g++       -rdynamic CMakeFiles/cmTC_c244a.dir/testCXXCompiler.cxx.o  -o cmTC_c244a 
make[1]: Leaving directory '/home/minhnn/work/btl/open_src/mosquitto-2.0.18/build/CMakeFiles/CMakeTmp'



Detecting CXX compiler ABI info compiled with the following output:
Change Dir: /home/minhnn/work/btl/open_src/mosquitto-2.0.18/build/CMakeFiles/CMakeTmp

Run Build Command(s):/usr/bin/make cmTC_51a3c/fast && /usr/bin/make -f CMakeFiles/cmTC_51a3c.dir/build.make CMakeFiles/cmTC_51a3c.dir/build
make[1]: Entering directory '/home/minhnn/work/btl/open_src/mosquitto-2.0.18/build/CMakeFiles/CMakeTmp'
Building CXX object CMakeFiles/cmTC_51a3c.dir/CMakeCXXCompilerABI.cpp.o
/home/minhnn/work/btl/gcc-linaro-6.5.0-2018.12-x86_64_arm-linux-gnueabihf/bin/arm-linux-gnueabihf-g++    -v -o CMakeFiles/cmTC_51a3c.dir/CMakeCXXCompilerABI.cpp.o -c /usr/share/cmake-3.16/Modules/CMakeCXXCompilerABI.cpp
Using built-in specs.
COLLECT_GCC=/home/minhnn/work/btl/gcc-linaro-6.5.0-2018.12-x86_64_arm-linux-gnueabihf/bin/arm-linux-gnueabihf-g++
Target: arm-linux-gnueabihf
Configured with: '/home/tcwg-buildslave/workspace/tcwg-make-release_0/snapshots/gcc.git~linaro-6.5-2018.12/configure' SHELL=/bin/bash --with-mpc=/home/tcwg-buildslave/workspace/tcwg-make-release_0/_build/builds/destdir/x86_64-unknown-linux-gnu --with-mpfr=/home/tcwg-buildslave/workspace/tcwg-make-release_0/_build/builds/destdir/x86_64-unknown-linux-gnu --with-gmp=/home/tcwg-buildslave/workspace/tcwg-make-release_0/_build/builds/destdir/x86_64-unknown-linux-gnu --with-gnu-as --with-gnu-ld --disable-libmudflap --enable-lto --enable-shared --without-included-gettext --enable-nls --with-system-zlib --disable-sjlj-exceptions --enable-gnu-unique-object --enable-linker-build-id --disable-libstdcxx-pch --enable-c99 --enable-clocale=gnu --enable-libstdcxx-debug --enable-long-long --with-cloog=no --with-ppl=no --with-isl=no --disable-multilib --with-float=hard --with-fpu=vfpv3-d16 --with-mode=thumb --with-tune=cortex-a9 --with-arch=armv7-a --enable-threads=posix --enable-multiarch --enable-libstdcxx-time=yes --enable-gnu-indirect-function --with-build-sysroot=/home/tcwg-buildslave/workspace/tcwg-make-release_0/_build/sysroots/arm-linux-gnueabihf --with-sysroot=/home/tcwg-buildslave/workspace/tcwg-make-release_0/_build/builds/destdir/x86_64-unknown-linux-gnu/arm-linux-gnueabihf/libc --enable-checking=release --disable-bootstrap --enable-languages=c,c++,fortran,lto --build=x86_64-unknown-linux-gnu --host=x86_64-unknown-linux-gnu --target=arm-linux-gnueabihf --prefix=/home/tcwg-buildslave/workspace/tcwg-make-release_0/_build/builds/destdir/x86_64-unknown-linux-gnu
Thread model: posix
gcc version 6.5.0 (Linaro GCC 6.5-2018.12) 
COLLECT_GCC_OPTIONS='-v' '-o' 'CMakeFiles/cmTC_51a3c.dir/CMakeCXXCompilerABI.cpp.o' '-c' '-shared-libgcc' '-march=armv7-a' '-mtune=cortex-a9' '-mfloat-abi=hard' '-mfpu=vfpv3-d16' '-mthumb' '-mtls-dialect=gnu'
 /home/minhnn/work/btl/gcc-linaro-6.5.0-2018.12-x86_64_arm-linux-gnueabihf/bin/../libexec/gcc/arm-linux-gnueabihf/6.5.0/cc1plus -quiet -v -imultilib . -imultiarch arm-linux-gnueabihf -iprefix /home/minhnn/work/btl/gcc-linaro-6.5.0-2018.12-x86_64_arm-linux-gnueabihf/bin/../lib/gcc/arm-linux-gnueabihf/6.5.0/ -isysroot /home/minhnn/work/btl/gcc-linaro-6.5.0-2018.12-x86_64_arm-linux-gnueabihf/bin/../arm-linux-gnueabihf/libc -D_GNU_SOURCE /usr/share/cmake-3.16/Modules/CMakeCXXCompilerABI.cpp -quiet -dumpbase CMakeCXXCompilerABI.cpp -march=armv7-a -mtune=cortex-a9 -mfloat-abi=hard -mfpu=vfpv3-d16 -mthumb -mtls-dialect=gnu -auxbase-strip CMakeFiles/cmTC_51a3c.dir/CMakeCXXCompilerABI.cpp.o -version -o /tmp/cc9RyWhC.s
GNU C++14 (Linaro GCC 6.5-2018.12) version 6.5.0 (arm-linux-gnueabihf)
	compiled by GNU C version 4.8.4, GMP version 6.1.0, MPFR version 3.1.4, MPC version 1.0.3, isl version none
GGC heuristics: --param ggc-min-expand=100 --param ggc-min-heapsize=131072
ignoring duplicate directory "/home/minhnn/work/btl/gcc-linaro-6.5.0-2018.12-x86_64_arm-linux-gnueabihf/bin/../lib/gcc/../../lib/gcc/arm-linux-gnueabihf/6.5.0/../../../../arm-linux-gnueabihf/include/c++/6.5.0"
ignoring duplicate directory "/home/minhnn/work/btl/gcc-linaro-6.5.0-2018.12-x86_64_arm-linux-gnueabihf/bin/../lib/gcc/../../lib/gcc/arm-linux-gnueabihf/6.5.0/../../../../arm-linux-gnueabihf/include/c++/6.5.0/arm-linux-gnueabihf/."
ignoring duplicate directory "/home/minhnn/work/btl/gcc-linaro-6.5.0-2018.12-x86_64_arm-linux-gnueabihf/bin/../lib/gcc/../../lib/gcc/arm-linux-gnueabihf/6.5.0/../../../../arm-linux-gnueabihf/include/c++/6.5.0/backward"
ignoring duplicate directory "/home/minhnn/work/btl/gcc-linaro-6.5.0-2018.12-x86_64_arm-linux-gnueabihf/bin/../lib/gcc/../../lib/gcc/arm-linux-gnueabihf/6.5.0/include"
ignoring nonexistent directory "/home/minhnn/work/btl/gcc-linaro-6.5.0-2018.12-x86_64_arm-linux-gnueabihf/bin/../arm-linux-gnueabihf/libc/usr/local/include/arm-linux-gnueabihf"
ignoring nonexistent directory "/home/minhnn/work/btl/gcc-linaro-6.5.0-2018.12-x86_64_arm-linux-gnueabihf/bin/../arm-linux-gnueabihf/libc/usr/local/include"
ignoring duplicate directory "/home/minhnn/work/btl/gcc-linaro-6.5.0-2018.12-x86_64_arm-linux-gnueabihf/bin/../lib/gcc/../../lib/gcc/arm-linux-gnueabihf/6.5.0/include-fixed"
ignoring duplicate directory "/home/minhnn/work/btl/gcc-linaro-6.5.0-2018.12-x86_64_arm-linux-gnueabihf/bin/../lib/gcc/../../lib/gcc/arm-linux-gnueabihf/6.5.0/../../../../arm-linux-gnueabihf/include"
ignoring nonexistent directory "/home/minhnn/work/btl/gcc-linaro-6.5.0-2018.12-x86_64_arm-linux-gnueabihf/bin/../arm-linux-gnueabihf/libc/usr/include/arm-linux-gnueabihf"
#include "..." search starts here:
#include <...> search starts here:
 /home/minhnn/work/btl/gcc-linaro-6.5.0-2018.12-x86_64_arm-linux-gnueabihf/bin/../lib/gcc/arm-linux-gnueabihf/6.5.0/../../../../arm-linux-gnueabihf/include/c++/6.5.0
 /home/minhnn/work/btl/gcc-linaro-6.5.0-2018.12-x86_64_arm-linux-gnueabihf/bin/../lib/gcc/arm-linux-gnueabihf/6.5.0/../../../../arm-linux-gnueabihf/include/c++/6.5.0/arm-linux-gnueabihf/.
 /home/minhnn/work/btl/gcc-linaro-6.5.0-2018.12-x86_64_arm-linux-gnueabihf/bin/../lib/gcc/arm-linux-gnueabihf/6.5.0/../../../../arm-linux-gnueabihf/include/c++/6.5.0/backward
 /home/minhnn/work/btl/gcc-linaro-6.5.0-2018.12-x86_64_arm-linux-gnueabihf/bin/../lib/gcc/arm-linux-gnueabihf/6.5.0/include
 /home/minhnn/work/btl/gcc-linaro-6.5.0-2018.12-x86_64_arm-linux-gnueabihf/bin/../lib/gcc/arm-linux-gnueabihf/6.5.0/include-fixed
 /home/minhnn/work/btl/gcc-linaro-6.5.0-2018.12-x86_64_arm-linux-gnueabihf/bin/../lib/gcc/arm-linux-gnueabihf/6.5.0/../../../../arm-linux-gnueabihf/include
 /home/minhnn/work/btl/gcc-linaro-6.5.0-2018.12-x86_64_arm-linux-gnueabihf/bin/../arm-linux-gnueabihf/libc/usr/include
End of search list.
GNU C++14 (Linaro GCC 6.5-2018.12) version 6.5.0 (arm-linux-gnueabihf)
	compiled by GNU C version 4.8.4, GMP version 6.1.0, MPFR version 3.1.4, MPC version 1.0.3, isl version none
GGC heuristics: --param ggc-min-expand=100 --param ggc-min-heapsize=131072
Compiler executable checksum: 81e38058e6d98ba616453615d6e2aa9c
COLLECT_GCC_OPTIONS='-v' '-o' 'CMakeFiles/cmTC_51a3c.dir/CMakeCXXCompilerABI.cpp.o' '-c' '-shared-libgcc' '-march=armv7-a' '-mtune=cortex-a9' '-mfloat-abi=hard' '-mfpu=vfpv3-d16' '-mthumb' '-mtls-dialect=gnu'
 /home/minhnn/work/btl/gcc-linaro-6.5.0-2018.12-x86_64_arm-linux-gnueabihf/bin/../lib/gcc/arm-linux-gnueabihf/6.5.0/../../../../arm-linux-gnueabihf/bin/as -v -march=armv7-a -mfloat-abi=hard -mfpu=vfpv3-d16 -meabi=5 -o CMakeFiles/cmTC_51a3c.dir/CMakeCXXCompilerABI.cpp.o /tmp/cc9RyWhC.s
GNU assembler version 2.27.0 (arm-linux-gnueabihf) using BFD version (Linaro_Binutils-2018.12) 2.27.0.20161229
COMPILER_PATH=/home/minhnn/work/btl/gcc-linaro-6.5.0-2018.12-x86_64_arm-linux-gnueabihf/bin/../libexec/gcc/arm-linux-gnueabihf/6.5.0/:/home/minhnn/work/btl/gcc-linaro-6.5.0-2018.12-x86_64_arm-linux-gnueabihf/bin/../libexec/gcc/arm-linux-gnueabihf/:/home/minhnn/work/btl/gcc-linaro-6.5.0-2018.12-x86_64_arm-linux-gnueabihf/bin/../libexec/gcc/:/home/minhnn/work/btl/gcc-linaro-6.5.0-2018.12-x86_64_arm-linux-gnueabihf/bin/../lib/gcc/arm-linux-gnueabihf/6.5.0/../../../../arm-linux-gnueabihf/bin/
LIBRARY_PATH=/home/minhnn/work/btl/gcc-linaro-6.5.0-2018.12-x86_64_arm-linux-gnueabihf/bin/../lib/gcc/arm-linux-gnueabihf/6.5.0/:/home/minhnn/work/btl/gcc-linaro-6.5.0-2018.12-x86_64_arm-linux-gnueabihf/bin/../lib/gcc/arm-linux-gnueabihf/:/home/minhnn/work/btl/gcc-linaro-6.5.0-2018.12-x86_64_arm-linux-gnueabihf/bin/../lib/gcc/:/home/minhnn/work/btl/gcc-linaro-6.5.0-2018.12-x86_64_arm-linux-gnueabihf/bin/../lib/gcc/arm-linux-gnueabihf/6.5.0/../../../../arm-linux-gnueabihf/lib/:/home/minhnn/work/btl/gcc-linaro-6.5.0-2018.12-x86_64_arm-linux-gnueabihf/bin/../arm-linux-gnueabihf/libc/lib/:/home/minhnn/work/btl/gcc-linaro-6.5.0-2018.12-x86_64_arm-linux-gnueabihf/bin/../arm-linux-gnueabihf/libc/usr/lib/
COLLECT_GCC_OPTIONS='-v' '-o' 'CMakeFiles/cmTC_51a3c.dir/CMakeCXXCompilerABI.cpp.o' '-c' '-shared-libgcc' '-march=armv7-a' '-mtune=cortex-a9' '-mfloat-abi=hard' '-mfpu=vfpv3-d16' '-mthumb' '-mtls-dialect=gnu'
Linking CXX executable cmTC_51a3c
/usr/bin/cmake -E cmake_link_script CMakeFiles/cmTC_51a3c.dir/link.txt --verbose=1
/home/minhnn/work/btl/gcc-linaro-6.5.0-2018.12-x86_64_arm-linux-gnueabihf/bin/arm-linux-gnueabihf-g++      -v -rdynamic CMakeFiles/cmTC_51a3c.dir/CMakeCXXCompilerABI.cpp.o  -o cmTC_51a3c 
Using built-in specs.
COLLECT_GCC=/home/minhnn/work/btl/gcc-linaro-6.5.0-2018.12-x86_64_arm-linux-gnueabihf/bin/arm-linux-gnueabihf-g++
COLLECT_LTO_WRAPPER=/home/minhnn/work/btl/gcc-linaro-6.5.0-2018.12-x86_64_arm-linux-gnueabihf/bin/../libexec/gcc/arm-linux-gnueabihf/6.5.0/lto-wrapper
Target: arm-linux-gnueabihf
Configured with: '/home/tcwg-buildslave/workspace/tcwg-make-release_0/snapshots/gcc.git~linaro-6.5-2018.12/configure' SHELL=/bin/bash --with-mpc=/home/tcwg-buildslave/workspace/tcwg-make-release_0/_build/builds/destdir/x86_64-unknown-linux-gnu --with-mpfr=/home/tcwg-buildslave/workspace/tcwg-make-release_0/_build/builds/destdir/x86_64-unknown-linux-gnu --with-gmp=/home/tcwg-buildslave/workspace/tcwg-make-release_0/_build/builds/destdir/x86_64-unknown-linux-gnu --with-gnu-as --with-gnu-ld --disable-libmudflap --enable-lto --enable-shared --without-included-gettext --enable-nls --with-system-zlib --disable-sjlj-exceptions --enable-gnu-unique-object --enable-linker-build-id --disable-libstdcxx-pch --enable-c99 --enable-clocale=gnu --enable-libstdcxx-debug --enable-long-long --with-cloog=no --with-ppl=no --with-isl=no --disable-multilib --with-float=hard --with-fpu=vfpv3-d16 --with-mode=thumb --with-tune=cortex-a9 --with-arch=armv7-a --enable-threads=posix --enable-multiarch --enable-libstdcxx-time=yes --enable-gnu-indirect-function --with-build-sysroot=/home/tcwg-buildslave/workspace/tcwg-make-release_0/_build/sysroots/arm-linux-gnueabihf --with-sysroot=/home/tcwg-buildslave/workspace/tcwg-make-release_0/_build/builds/destdir/x86_64-unknown-linux-gnu/arm-linux-gnueabihf/libc --enable-checking=release --disable-bootstrap --enable-languages=c,c++,fortran,lto --build=x86_64-unknown-linux-gnu --host=x86_64-unknown-linux-gnu --target=arm-linux-gnueabihf --prefix=/home/tcwg-buildslave/workspace/tcwg-make-release_0/_build/builds/destdir/x86_64-unknown-linux-gnu
Thread model: posix
gcc version 6.5.0 (Linaro GCC 6.5-2018.12) 
COMPILER_PATH=/home/minhnn/work/btl/gcc-linaro-6.5.0-2018.12-x86_64_arm-linux-gnueabihf/bin/../libexec/gcc/arm-linux-gnueabihf/6.5.0/:/home/minhnn/work/btl/gcc-linaro-6.5.0-2018.12-x86_64_arm-linux-gnueabihf/bin/../libexec/gcc/arm-linux-gnueabihf/:/home/minhnn/work/btl/gcc-linaro-6.5.0-2018.12-x86_64_arm-linux-gnueabihf/bin/../libexec/gcc/:/home/minhnn/work/btl/gcc-linaro-6.5.0-2018.12-x86_64_arm-linux-gnueabihf/bin/../lib/gcc/arm-linux-gnueabihf/6.5.0/../../../../arm-linux-gnueabihf/bin/
LIBRARY_PATH=/home/minhnn/work/btl/gcc-linaro-6.5.0-2018.12-x86_64_arm-linux-gnueabihf/bin/../lib/gcc/arm-linux-gnueabihf/6.5.0/:/home/minhnn/work/btl/gcc-linaro-6.5.0-2018.12-x86_64_arm-linux-gnueabihf/bin/../lib/gcc/arm-linux-gnueabihf/:/home/minhnn/work/btl/gcc-linaro-6.5.0-2018.12-x86_64_arm-linux-gnueabihf/bin/../lib/gcc/:/home/minhnn/work/btl/gcc-linaro-6.5.0-2018.12-x86_64_arm-linux-gnueabihf/bin/../lib/gcc/arm-linux-gnueabihf/6.5.0/../../../../arm-linux-gnueabihf/lib/:/home/minhnn/work/btl/gcc-linaro-6.5.0-2018.12-x86_64_arm-linux-gnueabihf/bin/../arm-linux-gnueabihf/libc/lib/:/home/minhnn/work/btl/gcc-linaro-6.5.0-2018.12-x86_64_arm-linux-gnueabihf/bin/../arm-linux-gnueabihf/libc/usr/lib/
COLLECT_GCC_OPTIONS='-v' '-rdynamic' '-o' 'cmTC_51a3c' '-shared-libgcc' '-march=armv7-a' '-mtune=cortex-a9' '-mfloat-abi=hard' '-mfpu=vfpv3-d16' '-mthumb' '-mtls-dialect=gnu'
 /home/minhnn/work/btl/gcc-linaro-6.5.0-2018.12-x86_64_arm-linux-gnueabihf/bin/../libexec/gcc/arm-linux-gnueabihf/6.5.0/collect2 -plugin /home/minhnn/work/btl/gcc-linaro-6.5.0-2018.12-x86_64_arm-linux-gnueabihf/bin/../libexec/gcc/arm-linux-gnueabihf/6.5.0/liblto_plugin.so -plugin-opt=/home/minhnn/work/btl/gcc-linaro-6.5.0-2018.12-x86_64_arm-linux-gnueabihf/bin/../libexec/gcc/arm-linux-gnueabihf/6.5.0/lto-wrapper -plugin-opt=-fresolution=/tmp/ccdlvsU4.res -plugin-opt=-pass-through=-lgcc_s -plugin-opt=-pass-through=-lgcc -plugin-opt=-pass-through=-lc -plugin-opt=-pass-through=-lgcc_s -plugin-opt=-pass-through=-lgcc --sysroot=/home/minhnn/work/btl/gcc-linaro-6.5.0-2018.12-x86_64_arm-linux-gnueabihf/bin/../arm-linux-gnueabihf/libc --build-id --eh-frame-hdr -export-dynamic -dynamic-linker /lib/ld-linux-armhf.so.3 -X -m armelf_linux_eabi -o cmTC_51a3c /home/minhnn/work/btl/gcc-linaro-6.5.0-2018.12-x86_64_arm-linux-gnueabihf/bin/../arm-linux-gnueabihf/libc/usr/lib/crt1.o /home/minhnn/work/btl/gcc-linaro-6.5.0-2018.12-x86_64_arm-linux-gnueabihf/bin/../arm-linux-gnueabihf/libc/usr/lib/crti.o /home/minhnn/work/btl/gcc-linaro-6.5.0-2018.12-x86_64_arm-linux-gnueabihf/bin/../lib/gcc/arm-linux-gnueabihf/6.5.0/crtbegin.o -L/home/minhnn/work/btl/gcc-linaro-6.5.0-2018.12-x86_64_arm-linux-gnueabihf/bin/../lib/gcc/arm-linux-gnueabihf/6.5.0 -L/home/minhnn/work/btl/gcc-linaro-6.5.0-2018.12-x86_64_arm-linux-gnueabihf/bin/../lib/gcc/arm-linux-gnueabihf -L/home/minhnn/work/btl/gcc-linaro-6.5.0-2018.12-x86_64_arm-linux-gnueabihf/bin/../lib/gcc -L/home/minhnn/work/btl/gcc-linaro-6.5.0-2018.12-x86_64_arm-linux-gnueabihf/bin/../lib/gcc/arm-linux-gnueabihf/6.5.0/../../../../arm-linux-gnueabihf/lib -L/home/minhnn/work/btl/gcc-linaro-6.5.0-2018.12-x86_64_arm-linux-gnueabihf/bin/../arm-linux-gnueabihf/libc/lib -L/home/minhnn/work/btl/gcc-linaro-6.5.0-2018.12-x86_64_arm-linux-gnueabihf/bin/../arm-linux-gnueabihf/libc/usr/lib CMakeFiles/cmTC_51a3c.dir/CMakeCXXCompilerABI.cpp.o -lstdc++ -lm -lgcc_s -lgcc -lc -lgcc_s -lgcc /home/minhnn/work/btl/gcc-linaro-6.5.0-2018.12-x86_64_arm-linux-gnueabihf/bin/../lib/gcc/arm-linux-gnueabihf/6.5.0/crtend.o /home/minhnn/work/btl/gcc-linaro-6.5.0-2018.12-x86_64_arm-linux-gnueabihf/bin/../arm-linux-gnueabihf/libc/usr/lib/crtn.o
COLLECT_GCC_OPTIONS='-v' '-rdynamic' '-o' 'cmTC_51a3c' '-shared-libgcc' '-march=armv7-a' '-mtune=cortex-a9' '-mfloat-abi=hard' '-mfpu=vfpv3-d16' '-mthumb' '-mtls-dialect=gnu'
make[1]: Leaving directory '/home/minhnn/work/btl/open_src/mosquitto-2.0.18/build/CMakeFiles/CMakeTmp'



Parsed CXX implicit include dir info from above output: rv=done
  found start of include info
  found start of implicit include info
    add: [/home/minhnn/work/btl/gcc-linaro-6.5.0-2018.12-x86_64_arm-linux-gnueabihf/bin/../lib/gcc/arm-linux-gnueabihf/6.5.0/../../../../arm-linux-gnueabihf/include/c++/6.5.0]
    add: [/home/minhnn/work/btl/gcc-linaro-6.5.0-2018.12-x86_64_arm-linux-gnueabihf/bin/../lib/gcc/arm-linux-gnueabihf/6.5.0/../../../../arm-linux-gnueabihf/include/c++/6.5.0/arm-linux-gnueabihf/.]
    add: [/home/minhnn/work/btl/gcc-linaro-6.5.0-2018.12-x86_64_arm-linux-gnueabihf/bin/../lib/gcc/arm-linux-gnueabihf/6.5.0/../../../../arm-linux-gnueabihf/include/c++/6.5.0/backward]
    add: [/home/minhnn/work/btl/gcc-linaro-6.5.0-2018.12-x86_64_arm-linux-gnueabihf/bin/../lib/gcc/arm-linux-gnueabihf/6.5.0/include]
    add: [/home/minhnn/work/btl/gcc-linaro-6.5.0-2018.12-x86_64_arm-linux-gnueabihf/bin/../lib/gcc/arm-linux-gnueabihf/6.5.0/include-fixed]
    add: [/home/minhnn/work/btl/gcc-linaro-6.5.0-2018.12-x86_64_arm-linux-gnueabihf/bin/../lib/gcc/arm-linux-gnueabihf/6.5.0/../../../../arm-linux-gnueabihf/include]
    add: [/home/minhnn/work/btl/gcc-linaro-6.5.0-2018.12-x86_64_arm-linux-gnueabihf/bin/../arm-linux-gnueabihf/libc/usr/include]
  end of search list found
  collapse include dir [/home/minhnn/work/btl/gcc-linaro-6.5.0-2018.12-x86_64_arm-linux-gnueabihf/bin/../lib/gcc/arm-linux-gnueabihf/6.5.0/../../../../arm-linux-gnueabihf/include/c++/6.5.0] ==> [/home/minhnn/work/btl/gcc-linaro-6.5.0-2018.12-x86_64_arm-linux-gnueabihf/arm-linux-gnueabihf/include/c++/6.5.0]
  collapse include dir [/home/minhnn/work/btl/gcc-linaro-6.5.0-2018.12-x86_64_arm-linux-gnueabihf/bin/../lib/gcc/arm-linux-gnueabihf/6.5.0/../../../../arm-linux-gnueabihf/include/c++/6.5.0/arm-linux-gnueabihf/.] ==> [/home/minhnn/work/btl/gcc-linaro-6.5.0-2018.12-x86_64_arm-linux-gnueabihf/arm-linux-gnueabihf/include/c++/6.5.0/arm-linux-gnueabihf]
  collapse include dir [/home/minhnn/work/btl/gcc-linaro-6.5.0-2018.12-x86_64_arm-linux-gnueabihf/bin/../lib/gcc/arm-linux-gnueabihf/6.5.0/../../../../arm-linux-gnueabihf/include/c++/6.5.0/backward] ==> [/home/minhnn/work/btl/gcc-linaro-6.5.0-2018.12-x86_64_arm-linux-gnueabihf/arm-linux-gnueabihf/include/c++/6.5.0/backward]
  collapse include dir [/home/minhnn/work/btl/gcc-linaro-6.5.0-2018.12-x86_64_arm-linux-gnueabihf/bin/../lib/gcc/arm-linux-gnueabihf/6.5.0/include] ==> [/home/minhnn/work/btl/gcc-linaro-6.5.0-2018.12-x86_64_arm-linux-gnueabihf/lib/gcc/arm-linux-gnueabihf/6.5.0/include]
  collapse include dir [/home/minhnn/work/btl/gcc-linaro-6.5.0-2018.12-x86_64_arm-linux-gnueabihf/bin/../lib/gcc/arm-linux-gnueabihf/6.5.0/include-fixed] ==> [/home/minhnn/work/btl/gcc-linaro-6.5.0-2018.12-x86_64_arm-linux-gnueabihf/lib/gcc/arm-linux-gnueabihf/6.5.0/include-fixed]
  collapse include dir [/home/minhnn/work/btl/gcc-linaro-6.5.0-2018.12-x86_64_arm-linux-gnueabihf/bin/../lib/gcc/arm-linux-gnueabihf/6.5.0/../../../../arm-linux-gnueabihf/include] ==> [/home/minhnn/work/btl/gcc-linaro-6.5.0-2018.12-x86_64_arm-linux-gnueabihf/arm-linux-gnueabihf/include]
  collapse include dir [/home/minhnn/work/btl/gcc-linaro-6.5.0-2018.12-x86_64_arm-linux-gnueabihf/bin/../arm-linux-gnueabihf/libc/usr/include] ==> [/home/minhnn/work/btl/gcc-linaro-6.5.0-2018.12-x86_64_arm-linux-gnueabihf/arm-linux-gnueabihf/libc/usr/include]
  implicit include dirs: [/home/minhnn/work/btl/gcc-linaro-6.5.0-2018.12-x86_64_arm-linux-gnueabihf/arm-linux-gnueabihf/include/c++/6.5.0;/home/minhnn/work/btl/gcc-linaro-6.5.0-2018.12-x86_64_arm-linux-gnueabihf/arm-linux-gnueabihf/include/c++/6.5.0/arm-linux-gnueabihf;/home/minhnn/work/btl/gcc-linaro-6.5.0-2018.12-x86_64_arm-linux-gnueabihf/arm-linux-gnueabihf/include/c++/6.5.0/backward;/home/minhnn/work/btl/gcc-linaro-6.5.0-2018.12-x86_64_arm-linux-gnueabihf/lib/gcc/arm-linux-gnueabihf/6.5.0/include;/home/minhnn/work/btl/gcc-linaro-6.5.0-2018.12-x86_64_arm-linux-gnueabihf/lib/gcc/arm-linux-gnueabihf/6.5.0/include-fixed;/home/minhnn/work/btl/gcc-linaro-6.5.0-2018.12-x86_64_arm-linux-gnueabihf/arm-linux-gnueabihf/include;/home/minhnn/work/btl/gcc-linaro-6.5.0-2018.12-x86_64_arm-linux-gnueabihf/arm-linux-gnueabihf/libc/usr/include]


Parsed CXX implicit link information from above output:
  link line regex: [^( *|.*[/\])(arm-linux-gnueabihf-ld|CMAKE_LINK_STARTFILE-NOTFOUND|([^/\]+-)?ld|collect2)[^/\]*( |$)]
  ignore line: [Change Dir: /home/minhnn/work/btl/open_src/mosquitto-2.0.18/build/CMakeFiles/CMakeTmp]
  ignore line: []
  ignore line: [Run Build Command(s):/usr/bin/make cmTC_51a3c/fast && /usr/bin/make -f CMakeFiles/cmTC_51a3c.dir/build.make CMakeFiles/cmTC_51a3c.dir/build]
  ignore line: [make[1]: Entering directory '/home/minhnn/work/btl/open_src/mosquitto-2.0.18/build/CMakeFiles/CMakeTmp']
  ignore line: [Building CXX object CMakeFiles/cmTC_51a3c.dir/CMakeCXXCompilerABI.cpp.o]
  ignore line: [/home/minhnn/work/btl/gcc-linaro-6.5.0-2018.12-x86_64_arm-linux-gnueabihf/bin/arm-linux-gnueabihf-g++    -v -o CMakeFiles/cmTC_51a3c.dir/CMakeCXXCompilerABI.cpp.o -c /usr/share/cmake-3.16/Modules/CMakeCXXCompilerABI.cpp]
  ignore line: [Using built-in specs.]
  ignore line: [COLLECT_GCC=/home/minhnn/work/btl/gcc-linaro-6.5.0-2018.12-x86_64_arm-linux-gnueabihf/bin/arm-linux-gnueabihf-g++]
  ignore line: [Target: arm-linux-gnueabihf]
  ignore line: [Configured with: '/home/tcwg-buildslave/workspace/tcwg-make-release_0/snapshots/gcc.git~linaro-6.5-2018.12/configure' SHELL=/bin/bash --with-mpc=/home/tcwg-buildslave/workspace/tcwg-make-release_0/_build/builds/destdir/x86_64-unknown-linux-gnu --with-mpfr=/home/tcwg-buildslave/workspace/tcwg-make-release_0/_build/builds/destdir/x86_64-unknown-linux-gnu --with-gmp=/home/tcwg-buildslave/workspace/tcwg-make-release_0/_build/builds/destdir/x86_64-unknown-linux-gnu --with-gnu-as --with-gnu-ld --disable-libmudflap --enable-lto --enable-shared --without-included-gettext --enable-nls --with-system-zlib --disable-sjlj-exceptions --enable-gnu-unique-object --enable-linker-build-id --disable-libstdcxx-pch --enable-c99 --enable-clocale=gnu --enable-libstdcxx-debug --enable-long-long --with-cloog=no --with-ppl=no --with-isl=no --disable-multilib --with-float=hard --with-fpu=vfpv3-d16 --with-mode=thumb --with-tune=cortex-a9 --with-arch=armv7-a --enable-threads=posix --enable-multiarch --enable-libstdcxx-time=yes --enable-gnu-indirect-function --with-build-sysroot=/home/tcwg-buildslave/workspace/tcwg-make-release_0/_build/sysroots/arm-linux-gnueabihf --with-sysroot=/home/tcwg-buildslave/workspace/tcwg-make-release_0/_build/builds/destdir/x86_64-unknown-linux-gnu/arm-linux-gnueabihf/libc --enable-checking=release --disable-bootstrap --enable-languages=c,c++,fortran,lto --build=x86_64-unknown-linux-gnu --host=x86_64-unknown-linux-gnu --target=arm-linux-gnueabihf --prefix=/home/tcwg-buildslave/workspace/tcwg-make-release_0/_build/builds/destdir/x86_64-unknown-linux-gnu]
  ignore line: [Thread model: posix]
  ignore line: [gcc version 6.5.0 (Linaro GCC 6.5-2018.12) ]
  ignore line: [COLLECT_GCC_OPTIONS='-v' '-o' 'CMakeFiles/cmTC_51a3c.dir/CMakeCXXCompilerABI.cpp.o' '-c' '-shared-libgcc' '-march=armv7-a' '-mtune=cortex-a9' '-mfloat-abi=hard' '-mfpu=vfpv3-d16' '-mthumb' '-mtls-dialect=gnu']
  ignore line: [ /home/minhnn/work/btl/gcc-linaro-6.5.0-2018.12-x86_64_arm-linux-gnueabihf/bin/../libexec/gcc/arm-linux-gnueabihf/6.5.0/cc1plus -quiet -v -imultilib . -imultiarch arm-linux-gnueabihf -iprefix /home/minhnn/work/btl/gcc-linaro-6.5.0-2018.12-x86_64_arm-linux-gnueabihf/bin/../lib/gcc/arm-linux-gnueabihf/6.5.0/ -isysroot /home/minhnn/work/btl/gcc-linaro-6.5.0-2018.12-x86_64_arm-linux-gnueabihf/bin/../arm-linux-gnueabihf/libc -D_GNU_SOURCE /usr/share/cmake-3.16/Modules/CMakeCXXCompilerABI.cpp -quiet -dumpbase CMakeCXXCompilerABI.cpp -march=armv7-a -mtune=cortex-a9 -mfloat-abi=hard -mfpu=vfpv3-d16 -mthumb -mtls-dialect=gnu -auxbase-strip CMakeFiles/cmTC_51a3c.dir/CMakeCXXCompilerABI.cpp.o -version -o /tmp/cc9RyWhC.s]
  ignore line: [GNU C++14 (Linaro GCC 6.5-2018.12) version 6.5.0 (arm-linux-gnueabihf)]
  ignore line: [	compiled by GNU C version 4.8.4  GMP version 6.1.0  MPFR version 3.1.4  MPC version 1.0.3  isl version none]
  ignore line: [GGC heuristics: --param ggc-min-expand=100 --param ggc-min-heapsize=131072]
  ignore line: [ignoring duplicate directory "/home/minhnn/work/btl/gcc-linaro-6.5.0-2018.12-x86_64_arm-linux-gnueabihf/bin/../lib/gcc/../../lib/gcc/arm-linux-gnueabihf/6.5.0/../../../../arm-linux-gnueabihf/include/c++/6.5.0"]
  ignore line: [ignoring duplicate directory "/home/minhnn/work/btl/gcc-linaro-6.5.0-2018.12-x86_64_arm-linux-gnueabihf/bin/../lib/gcc/../../lib/gcc/arm-linux-gnueabihf/6.5.0/../../../../arm-linux-gnueabihf/include/c++/6.5.0/arm-linux-gnueabihf/."]
  ignore line: [ignoring duplicate directory "/home/minhnn/work/btl/gcc-linaro-6.5.0-2018.12-x86_64_arm-linux-gnueabihf/bin/../lib/gcc/../../lib/gcc/arm-linux-gnueabihf/6.5.0/../../../../arm-linux-gnueabihf/include/c++/6.5.0/backward"]
  ignore line: [ignoring duplicate directory "/home/minhnn/work/btl/gcc-linaro-6.5.0-2018.12-x86_64_arm-linux-gnueabihf/bin/../lib/gcc/../../lib/gcc/arm-linux-gnueabihf/6.5.0/include"]
  ignore line: [ignoring nonexistent directory "/home/minhnn/work/btl/gcc-linaro-6.5.0-2018.12-x86_64_arm-linux-gnueabihf/bin/../arm-linux-gnueabihf/libc/usr/local/include/arm-linux-gnueabihf"]
  ignore line: [ignoring nonexistent directory "/home/minhnn/work/btl/gcc-linaro-6.5.0-2018.12-x86_64_arm-linux-gnueabihf/bin/../arm-linux-gnueabihf/libc/usr/local/include"]
  ignore line: [ignoring duplicate directory "/home/minhnn/work/btl/gcc-linaro-6.5.0-2018.12-x86_64_arm-linux-gnueabihf/bin/../lib/gcc/../../lib/gcc/arm-linux-gnueabihf/6.5.0/include-fixed"]
  ignore line: [ignoring duplicate directory "/home/minhnn/work/btl/gcc-linaro-6.5.0-2018.12-x86_64_arm-linux-gnueabihf/bin/../lib/gcc/../../lib/gcc/arm-linux-gnueabihf/6.5.0/../../../../arm-linux-gnueabihf/include"]
  ignore line: [ignoring nonexistent directory "/home/minhnn/work/btl/gcc-linaro-6.5.0-2018.12-x86_64_arm-linux-gnueabihf/bin/../arm-linux-gnueabihf/libc/usr/include/arm-linux-gnueabihf"]
  ignore line: [#include "..." search starts here:]
  ignore line: [#include <...> search starts here:]
  ignore line: [ /home/minhnn/work/btl/gcc-linaro-6.5.0-2018.12-x86_64_arm-linux-gnueabihf/bin/../lib/gcc/arm-linux-gnueabihf/6.5.0/../../../../arm-linux-gnueabihf/include/c++/6.5.0]
  ignore line: [ /home/minhnn/work/btl/gcc-linaro-6.5.0-2018.12-x86_64_arm-linux-gnueabihf/bin/../lib/gcc/arm-linux-gnueabihf/6.5.0/../../../../arm-linux-gnueabihf/include/c++/6.5.0/arm-linux-gnueabihf/.]
  ignore line: [ /home/minhnn/work/btl/gcc-linaro-6.5.0-2018.12-x86_64_arm-linux-gnueabihf/bin/../lib/gcc/arm-linux-gnueabihf/6.5.0/../../../../arm-linux-gnueabihf/include/c++/6.5.0/backward]
  ignore line: [ /home/minhnn/work/btl/gcc-linaro-6.5.0-2018.12-x86_64_arm-linux-gnueabihf/bin/../lib/gcc/arm-linux-gnueabihf/6.5.0/include]
  ignore line: [ /home/minhnn/work/btl/gcc-linaro-6.5.0-2018.12-x86_64_arm-linux-gnueabihf/bin/../lib/gcc/arm-linux-gnueabihf/6.5.0/include-fixed]
  ignore line: [ /home/minhnn/work/btl/gcc-linaro-6.5.0-2018.12-x86_64_arm-linux-gnueabihf/bin/../lib/gcc/arm-linux-gnueabihf/6.5.0/../../../../arm-linux-gnueabihf/include]
  ignore line: [ /home/minhnn/work/btl/gcc-linaro-6.5.0-2018.12-x86_64_arm-linux-gnueabihf/bin/../arm-linux-gnueabihf/libc/usr/include]
  ignore line: [End of search list.]
  ignore line: [GNU C++14 (Linaro GCC 6.5-2018.12) version 6.5.0 (arm-linux-gnueabihf)]
  ignore line: [	compiled by GNU C version 4.8.4  GMP version 6.1.0  MPFR version 3.1.4  MPC version 1.0.3  isl version none]
  ignore line: [GGC heuristics: --param ggc-min-expand=100 --param ggc-min-heapsize=131072]
  ignore line: [Compiler executable checksum: 81e38058e6d98ba616453615d6e2aa9c]
  ignore line: [COLLECT_GCC_OPTIONS='-v' '-o' 'CMakeFiles/cmTC_51a3c.dir/CMakeCXXCompilerABI.cpp.o' '-c' '-shared-libgcc' '-march=armv7-a' '-mtune=cortex-a9' '-mfloat-abi=hard' '-mfpu=vfpv3-d16' '-mthumb' '-mtls-dialect=gnu']
  ignore line: [ /home/minhnn/work/btl/gcc-linaro-6.5.0-2018.12-x86_64_arm-linux-gnueabihf/bin/../lib/gcc/arm-linux-gnueabihf/6.5.0/../../../../arm-linux-gnueabihf/bin/as -v -march=armv7-a -mfloat-abi=hard -mfpu=vfpv3-d16 -meabi=5 -o CMakeFiles/cmTC_51a3c.dir/CMakeCXXCompilerABI.cpp.o /tmp/cc9RyWhC.s]
  ignore line: [GNU assembler version 2.27.0 (arm-linux-gnueabihf) using BFD version (Linaro_Binutils-2018.12) 2.27.0.20161229]
  ignore line: [COMPILER_PATH=/home/minhnn/work/btl/gcc-linaro-6.5.0-2018.12-x86_64_arm-linux-gnueabihf/bin/../libexec/gcc/arm-linux-gnueabihf/6.5.0/:/home/minhnn/work/btl/gcc-linaro-6.5.0-2018.12-x86_64_arm-linux-gnueabihf/bin/../libexec/gcc/arm-linux-gnueabihf/:/home/minhnn/work/btl/gcc-linaro-6.5.0-2018.12-x86_64_arm-linux-gnueabihf/bin/../libexec/gcc/:/home/minhnn/work/btl/gcc-linaro-6.5.0-2018.12-x86_64_arm-linux-gnueabihf/bin/../lib/gcc/arm-linux-gnueabihf/6.5.0/../../../../arm-linux-gnueabihf/bin/]
  ignore line: [LIBRARY_PATH=/home/minhnn/work/btl/gcc-linaro-6.5.0-2018.12-x86_64_arm-linux-gnueabihf/bin/../lib/gcc/arm-linux-gnueabihf/6.5.0/:/home/minhnn/work/btl/gcc-linaro-6.5.0-2018.12-x86_64_arm-linux-gnueabihf/bin/../lib/gcc/arm-linux-gnueabihf/:/home/minhnn/work/btl/gcc-linaro-6.5.0-2018.12-x86_64_arm-linux-gnueabihf/bin/../lib/gcc/:/home/minhnn/work/btl/gcc-linaro-6.5.0-2018.12-x86_64_arm-linux-gnueabihf/bin/../lib/gcc/arm-linux-gnueabihf/6.5.0/../../../../arm-linux-gnueabihf/lib/:/home/minhnn/work/btl/gcc-linaro-6.5.0-2018.12-x86_64_arm-linux-gnueabihf/bin/../arm-linux-gnueabihf/libc/lib/:/home/minhnn/work/btl/gcc-linaro-6.5.0-2018.12-x86_64_arm-linux-gnueabihf/bin/../arm-linux-gnueabihf/libc/usr/lib/]
  ignore line: [COLLECT_GCC_OPTIONS='-v' '-o' 'CMakeFiles/cmTC_51a3c.dir/CMakeCXXCompilerABI.cpp.o' '-c' '-shared-libgcc' '-march=armv7-a' '-mtune=cortex-a9' '-mfloat-abi=hard' '-mfpu=vfpv3-d16' '-mthumb' '-mtls-dialect=gnu']
  ignore line: [Linking CXX executable cmTC_51a3c]
  ignore line: [/usr/bin/cmake -E cmake_link_script CMakeFiles/cmTC_51a3c.dir/link.txt --verbose=1]
  ignore line: [/home/minhnn/work/btl/gcc-linaro-6.5.0-2018.12-x86_64_arm-linux-gnueabihf/bin/arm-linux-gnueabihf-g++      -v -rdynamic CMakeFiles/cmTC_51a3c.dir/CMakeCXXCompilerABI.cpp.o  -o cmTC_51a3c ]
  ignore line: [Using built-in specs.]
  ignore line: [COLLECT_GCC=/home/minhnn/work/btl/gcc-linaro-6.5.0-2018.12-x86_64_arm-linux-gnueabihf/bin/arm-linux-gnueabihf-g++]
  ignore line: [COLLECT_LTO_WRAPPER=/home/minhnn/work/btl/gcc-linaro-6.5.0-2018.12-x86_64_arm-linux-gnueabihf/bin/../libexec/gcc/arm-linux-gnueabihf/6.5.0/lto-wrapper]
  ignore line: [Target: arm-linux-gnueabihf]
  ignore line: [Configured with: '/home/tcwg-buildslave/workspace/tcwg-make-release_0/snapshots/gcc.git~linaro-6.5-2018.12/configure' SHELL=/bin/bash --with-mpc=/home/tcwg-buildslave/workspace/tcwg-make-release_0/_build/builds/destdir/x86_64-unknown-linux-gnu --with-mpfr=/home/tcwg-buildslave/workspace/tcwg-make-release_0/_build/builds/destdir/x86_64-unknown-linux-gnu --with-gmp=/home/tcwg-buildslave/workspace/tcwg-make-release_0/_build/builds/destdir/x86_64-unknown-linux-gnu --with-gnu-as --with-gnu-ld --disable-libmudflap --enable-lto --enable-shared --without-included-gettext --enable-nls --with-system-zlib --disable-sjlj-exceptions --enable-gnu-unique-object --enable-linker-build-id --disable-libstdcxx-pch --enable-c99 --enable-clocale=gnu --enable-libstdcxx-debug --enable-long-long --with-cloog=no --with-ppl=no --with-isl=no --disable-multilib --with-float=hard --with-fpu=vfpv3-d16 --with-mode=thumb --with-tune=cortex-a9 --with-arch=armv7-a --enable-threads=posix --enable-multiarch --enable-libstdcxx-time=yes --enable-gnu-indirect-function --with-build-sysroot=/home/tcwg-buildslave/workspace/tcwg-make-release_0/_build/sysroots/arm-linux-gnueabihf --with-sysroot=/home/tcwg-buildslave/workspace/tcwg-make-release_0/_build/builds/destdir/x86_64-unknown-linux-gnu/arm-linux-gnueabihf/libc --enable-checking=release --disable-bootstrap --enable-languages=c,c++,fortran,lto --build=x86_64-unknown-linux-gnu --host=x86_64-unknown-linux-gnu --target=arm-linux-gnueabihf --prefix=/home/tcwg-buildslave/workspace/tcwg-make-release_0/_build/builds/destdir/x86_64-unknown-linux-gnu]
  ignore line: [Thread model: posix]
  ignore line: [gcc version 6.5.0 (Linaro GCC 6.5-2018.12) ]
  ignore line: [COMPILER_PATH=/home/minhnn/work/btl/gcc-linaro-6.5.0-2018.12-x86_64_arm-linux-gnueabihf/bin/../libexec/gcc/arm-linux-gnueabihf/6.5.0/:/home/minhnn/work/btl/gcc-linaro-6.5.0-2018.12-x86_64_arm-linux-gnueabihf/bin/../libexec/gcc/arm-linux-gnueabihf/:/home/minhnn/work/btl/gcc-linaro-6.5.0-2018.12-x86_64_arm-linux-gnueabihf/bin/../libexec/gcc/:/home/minhnn/work/btl/gcc-linaro-6.5.0-2018.12-x86_64_arm-linux-gnueabihf/bin/../lib/gcc/arm-linux-gnueabihf/6.5.0/../../../../arm-linux-gnueabihf/bin/]
  ignore line: [LIBRARY_PATH=/home/minhnn/work/btl/gcc-linaro-6.5.0-2018.12-x86_64_arm-linux-gnueabihf/bin/../lib/gcc/arm-linux-gnueabihf/6.5.0/:/home/minhnn/work/btl/gcc-linaro-6.5.0-2018.12-x86_64_arm-linux-gnueabihf/bin/../lib/gcc/arm-linux-gnueabihf/:/home/minhnn/work/btl/gcc-linaro-6.5.0-2018.12-x86_64_arm-linux-gnueabihf/bin/../lib/gcc/:/home/minhnn/work/btl/gcc-linaro-6.5.0-2018.12-x86_64_arm-linux-gnueabihf/bin/../lib/gcc/arm-linux-gnueabihf/6.5.0/../../../../arm-linux-gnueabihf/lib/:/home/minhnn/work/btl/gcc-linaro-6.5.0-2018.12-x86_64_arm-linux-gnueabihf/bin/../arm-linux-gnueabihf/libc/lib/:/home/minhnn/work/btl/gcc-linaro-6.5.0-2018.12-x86_64_arm-linux-gnueabihf/bin/../arm-linux-gnueabihf/libc/usr/lib/]
  ignore line: [COLLECT_GCC_OPTIONS='-v' '-rdynamic' '-o' 'cmTC_51a3c' '-shared-libgcc' '-march=armv7-a' '-mtune=cortex-a9' '-mfloat-abi=hard' '-mfpu=vfpv3-d16' '-mthumb' '-mtls-dialect=gnu']
  link line: [ /home/minhnn/work/btl/gcc-linaro-6.5.0-2018.12-x86_64_arm-linux-gnueabihf/bin/../libexec/gcc/arm-linux-gnueabihf/6.5.0/collect2 -plugin /home/minhnn/work/btl/gcc-linaro-6.5.0-2018.12-x86_64_arm-linux-gnueabihf/bin/../libexec/gcc/arm-linux-gnueabihf/6.5.0/liblto_plugin.so -plugin-opt=/home/minhnn/work/btl/gcc-linaro-6.5.0-2018.12-x86_64_arm-linux-gnueabihf/bin/../libexec/gcc/arm-linux-gnueabihf/6.5.0/lto-wrapper -plugin-opt=-fresolution=/tmp/ccdlvsU4.res -plugin-opt=-pass-through=-lgcc_s -plugin-opt=-pass-through=-lgcc -plugin-opt=-pass-through=-lc -plugin-opt=-pass-through=-lgcc_s -plugin-opt=-pass-through=-lgcc --sysroot=/home/minhnn/work/btl/gcc-linaro-6.5.0-2018.12-x86_64_arm-linux-gnueabihf/bin/../arm-linux-gnueabihf/libc --build-id --eh-frame-hdr -export-dynamic -dynamic-linker /lib/ld-linux-armhf.so.3 -X -m armelf_linux_eabi -o cmTC_51a3c /home/minhnn/work/btl/gcc-linaro-6.5.0-2018.12-x86_64_arm-linux-gnueabihf/bin/../arm-linux-gnueabihf/libc/usr/lib/crt1.o /home/minhnn/work/btl/gcc-linaro-6.5.0-2018.12-x86_64_arm-linux-gnueabihf/bin/../arm-linux-gnueabihf/libc/usr/lib/crti.o /home/minhnn/work/btl/gcc-linaro-6.5.0-2018.12-x86_64_arm-linux-gnueabihf/bin/../lib/gcc/arm-linux-gnueabihf/6.5.0/crtbegin.o -L/home/minhnn/work/btl/gcc-linaro-6.5.0-2018.12-x86_64_arm-linux-gnueabihf/bin/../lib/gcc/arm-linux-gnueabihf/6.5.0 -L/home/minhnn/work/btl/gcc-linaro-6.5.0-2018.12-x86_64_arm-linux-gnueabihf/bin/../lib/gcc/arm-linux-gnueabihf -L/home/minhnn/work/btl/gcc-linaro-6.5.0-2018.12-x86_64_arm-linux-gnueabihf/bin/../lib/gcc -L/home/minhnn/work/btl/gcc-linaro-6.5.0-2018.12-x86_64_arm-linux-gnueabihf/bin/../lib/gcc/arm-linux-gnueabihf/6.5.0/../../../../arm-linux-gnueabihf/lib -L/home/minhnn/work/btl/gcc-linaro-6.5.0-2018.12-x86_64_arm-linux-gnueabihf/bin/../arm-linux-gnueabihf/libc/lib -L/home/minhnn/work/btl/gcc-linaro-6.5.0-2018.12-x86_64_arm-linux-gnueabihf/bin/../arm-linux-gnueabihf/libc/usr/lib CMakeFiles/cmTC_51a3c.dir/CMakeCXXCompilerABI.cpp.o -lstdc++ -lm -lgcc_s -lgcc -lc -lgcc_s -lgcc /home/minhnn/work/btl/gcc-linaro-6.5.0-2018.12-x86_64_arm-linux-gnueabihf/bin/../lib/gcc/arm-linux-gnueabihf/6.5.0/crtend.o /home/minhnn/work/btl/gcc-linaro-6.5.0-2018.12-x86_64_arm-linux-gnueabihf/bin/../arm-linux-gnueabihf/libc/usr/lib/crtn.o]
    arg [/home/minhnn/work/btl/gcc-linaro-6.5.0-2018.12-x86_64_arm-linux-gnueabihf/bin/../libexec/gcc/arm-linux-gnueabihf/6.5.0/collect2] ==> ignore
    arg [-plugin] ==> ignore
    arg [/home/minhnn/work/btl/gcc-linaro-6.5.0-2018.12-x86_64_arm-linux-gnueabihf/bin/../libexec/gcc/arm-linux-gnueabihf/6.5.0/liblto_plugin.so] ==> ignore
    arg [-plugin-opt=/home/minhnn/work/btl/gcc-linaro-6.5.0-2018.12-x86_64_arm-linux-gnueabihf/bin/../libexec/gcc/arm-linux-gnueabihf/6.5.0/lto-wrapper] ==> ignore
    arg [-plugin-opt=-fresolution=/tmp/ccdlvsU4.res] ==> ignore
    arg [-plugin-opt=-pass-through=-lgcc_s] ==> ignore
    arg [-plugin-opt=-pass-through=-lgcc] ==> ignore
    arg [-plugin-opt=-pass-through=-lc] ==> ignore
    arg [-plugin-opt=-pass-through=-lgcc_s] ==> ignore
    arg [-plugin-opt=-pass-through=-lgcc] ==> ignore
    arg [--sysroot=/home/minhnn/work/btl/gcc-linaro-6.5.0-2018.12-x86_64_arm-linux-gnueabihf/bin/../arm-linux-gnueabihf/libc] ==> ignore
    arg [--build-id] ==> ignore
    arg [--eh-frame-hdr] ==> ignore
    arg [-export-dynamic] ==> ignore
    arg [-dynamic-linker] ==> ignore
    arg [/lib/ld-linux-armhf.so.3] ==> ignore
    arg [-X] ==> ignore
    arg [-m] ==> ignore
    arg [armelf_linux_eabi] ==> ignore
    arg [-o] ==> ignore
    arg [cmTC_51a3c] ==> ignore
    arg [/home/minhnn/work/btl/gcc-linaro-6.5.0-2018.12-x86_64_arm-linux-gnueabihf/bin/../arm-linux-gnueabihf/libc/usr/lib/crt1.o] ==> ignore
    arg [/home/minhnn/work/btl/gcc-linaro-6.5.0-2018.12-x86_64_arm-linux-gnueabihf/bin/../arm-linux-gnueabihf/libc/usr/lib/crti.o] ==> ignore
    arg [/home/minhnn/work/btl/gcc-linaro-6.5.0-2018.12-x86_64_arm-linux-gnueabihf/bin/../lib/gcc/arm-linux-gnueabihf/6.5.0/crtbegin.o] ==> ignore
    arg [-L/home/minhnn/work/btl/gcc-linaro-6.5.0-2018.12-x86_64_arm-linux-gnueabihf/bin/../lib/gcc/arm-linux-gnueabihf/6.5.0] ==> dir [/home/minhnn/work/btl/gcc-linaro-6.5.0-2018.12-x86_64_arm-linux-gnueabihf/bin/../lib/gcc/arm-linux-gnueabihf/6.5.0]
    arg [-L/home/minhnn/work/btl/gcc-linaro-6.5.0-2018.12-x86_64_arm-linux-gnueabihf/bin/../lib/gcc/arm-linux-gnueabihf] ==> dir [/home/minhnn/work/btl/gcc-linaro-6.5.0-2018.12-x86_64_arm-linux-gnueabihf/bin/../lib/gcc/arm-linux-gnueabihf]
    arg [-L/home/minhnn/work/btl/gcc-linaro-6.5.0-2018.12-x86_64_arm-linux-gnueabihf/bin/../lib/gcc] ==> dir [/home/minhnn/work/btl/gcc-linaro-6.5.0-2018.12-x86_64_arm-linux-gnueabihf/bin/../lib/gcc]
    arg [-L/home/minhnn/work/btl/gcc-linaro-6.5.0-2018.12-x86_64_arm-linux-gnueabihf/bin/../lib/gcc/arm-linux-gnueabihf/6.5.0/../../../../arm-linux-gnueabihf/lib] ==> dir [/home/minhnn/work/btl/gcc-linaro-6.5.0-2018.12-x86_64_arm-linux-gnueabihf/bin/../lib/gcc/arm-linux-gnueabihf/6.5.0/../../../../arm-linux-gnueabihf/lib]
    arg [-L/home/minhnn/work/btl/gcc-linaro-6.5.0-2018.12-x86_64_arm-linux-gnueabihf/bin/../arm-linux-gnueabihf/libc/lib] ==> dir [/home/minhnn/work/btl/gcc-linaro-6.5.0-2018.12-x86_64_arm-linux-gnueabihf/bin/../arm-linux-gnueabihf/libc/lib]
    arg [-L/home/minhnn/work/btl/gcc-linaro-6.5.0-2018.12-x86_64_arm-linux-gnueabihf/bin/../arm-linux-gnueabihf/libc/usr/lib] ==> dir [/home/minhnn/work/btl/gcc-linaro-6.5.0-2018.12-x86_64_arm-linux-gnueabihf/bin/../arm-linux-gnueabihf/libc/usr/lib]
    arg [CMakeFiles/cmTC_51a3c.dir/CMakeCXXCompilerABI.cpp.o] ==> ignore
    arg [-lstdc++] ==> lib [stdc++]
    arg [-lm] ==> lib [m]
    arg [-lgcc_s] ==> lib [gcc_s]
    arg [-lgcc] ==> lib [gcc]
    arg [-lc] ==> lib [c]
    arg [-lgcc_s] ==> lib [gcc_s]
    arg [-lgcc] ==> lib [gcc]
    arg [/home/minhnn/work/btl/gcc-linaro-6.5.0-2018.12-x86_64_arm-linux-gnueabihf/bin/../lib/gcc/arm-linux-gnueabihf/6.5.0/crtend.o] ==> ignore
    arg [/home/minhnn/work/btl/gcc-linaro-6.5.0-2018.12-x86_64_arm-linux-gnueabihf/bin/../arm-linux-gnueabihf/libc/usr/lib/crtn.o] ==> ignore
  collapse library dir [/home/minhnn/work/btl/gcc-linaro-6.5.0-2018.12-x86_64_arm-linux-gnueabihf/bin/../lib/gcc/arm-linux-gnueabihf/6.5.0] ==> [/home/minhnn/work/btl/gcc-linaro-6.5.0-2018.12-x86_64_arm-linux-gnueabihf/lib/gcc/arm-linux-gnueabihf/6.5.0]
  collapse library dir [/home/minhnn/work/btl/gcc-linaro-6.5.0-2018.12-x86_64_arm-linux-gnueabihf/bin/../lib/gcc/arm-linux-gnueabihf] ==> [/home/minhnn/work/btl/gcc-linaro-6.5.0-2018.12-x86_64_arm-linux-gnueabihf/lib/gcc/arm-linux-gnueabihf]
  collapse library dir [/home/minhnn/work/btl/gcc-linaro-6.5.0-2018.12-x86_64_arm-linux-gnueabihf/bin/../lib/gcc] ==> [/home/minhnn/work/btl/gcc-linaro-6.5.0-2018.12-x86_64_arm-linux-gnueabihf/lib/gcc]
  collapse library dir [/home/minhnn/work/btl/gcc-linaro-6.5.0-2018.12-x86_64_arm-linux-gnueabihf/bin/../lib/gcc/arm-linux-gnueabihf/6.5.0/../../../../arm-linux-gnueabihf/lib] ==> [/home/minhnn/work/btl/gcc-linaro-6.5.0-2018.12-x86_64_arm-linux-gnueabihf/arm-linux-gnueabihf/lib]
  collapse library dir [/home/minhnn/work/btl/gcc-linaro-6.5.0-2018.12-x86_64_arm-linux-gnueabihf/bin/../arm-linux-gnueabihf/libc/lib] ==> [/home/minhnn/work/btl/gcc-linaro-6.5.0-2018.12-x86_64_arm-linux-gnueabihf/arm-linux-gnueabihf/libc/lib]
  collapse library dir [/home/minhnn/work/btl/gcc-linaro-6.5.0-2018.12-x86_64_arm-linux-gnueabihf/bin/../arm-linux-gnueabihf/libc/usr/lib] ==> [/home/minhnn/work/btl/gcc-linaro-6.5.0-2018.12-x86_64_arm-linux-gnueabihf/arm-linux-gnueabihf/libc/usr/lib]
  implicit libs: [stdc++;m;gcc_s;gcc;c;gcc_s;gcc]
  implicit dirs: [/home/minhnn/work/btl/gcc-linaro-6.5.0-2018.12-x86_64_arm-linux-gnueabihf/lib/gcc/arm-linux-gnueabihf/6.5.0;/home/minhnn/work/btl/gcc-linaro-6.5.0-2018.12-x86_64_arm-linux-gnueabihf/lib/gcc/arm-linux-gnueabihf;/home/minhnn/work/btl/gcc-linaro-6.5.0-2018.12-x86_64_arm-linux-gnueabihf/lib/gcc;/home/minhnn/work/btl/gcc-linaro-6.5.0-2018.12-x86_64_arm-linux-gnueabihf/arm-linux-gnueabihf/lib;/home/minhnn/work/btl/gcc-linaro-6.5.0-2018.12-x86_64_arm-linux-gnueabihf/arm-linux-gnueabihf/libc/lib;/home/minhnn/work/btl/gcc-linaro-6.5.0-2018.12-x86_64_arm-linux-gnueabihf/arm-linux-gnueabihf/libc/usr/lib]
  implicit fwks: []


Determining if the function getaddrinfo_a exists in the anl passed with the following output:
Change Dir: /home/minhnn/work/btl/open_src/mosquitto-2.0.18/build/CMakeFiles/CMakeTmp

Run Build Command(s):/usr/bin/make cmTC_6b8c7/fast && /usr/bin/make -f CMakeFiles/cmTC_6b8c7.dir/build.make CMakeFiles/cmTC_6b8c7.dir/build
make[1]: Entering directory '/home/minhnn/work/btl/open_src/mosquitto-2.0.18/build/CMakeFiles/CMakeTmp'
Building C object CMakeFiles/cmTC_6b8c7.dir/CheckFunctionExists.c.o
/home/minhnn/work/btl/gcc-linaro-6.5.0-2018.12-x86_64_arm-linux-gnueabihf/bin/arm-linux-gnueabihf-gcc   -DCHECK_FUNCTION_EXISTS=getaddrinfo_a   -o CMakeFiles/cmTC_6b8c7.dir/CheckFunctionExists.c.o   -c /usr/share/cmake-3.16/Modules/CheckFunctionExists.c
Linking C executable cmTC_6b8c7
/usr/bin/cmake -E cmake_link_script CMakeFiles/cmTC_6b8c7.dir/link.txt --verbose=1
/home/minhnn/work/btl/gcc-linaro-6.5.0-2018.12-x86_64_arm-linux-gnueabihf/bin/arm-linux-gnueabihf-gcc  -DCHECK_FUNCTION_EXISTS=getaddrinfo_a    -rdynamic CMakeFiles/cmTC_6b8c7.dir/CheckFunctionExists.c.o  -o cmTC_6b8c7  -lanl 
make[1]: Leaving directory '/home/minhnn/work/btl/open_src/mosquitto-2.0.18/build/CMakeFiles/CMakeTmp'



